m4trace:/usr/share/OpenSBE/config/OpenSBE.ac:73: -1- AC_CONFIG_AUX_DIR([OpenSBE/auxiliary])
m4trace:/usr/share/OpenSBE/config/OpenSBE.ac:75: -1- m4_include([Helpers.ac])
m4trace:/usr/share/OpenSBE/config/Helpers.ac:86: -1- m4_include([ConfigFile.ac])
m4trace:/usr/share/OpenSBE/config/ConfigFile.ac:39: -2- _m4_warn([obsolete], [The macro `AC_HELP_STRING' is obsolete.
You should run autoupdate.], [../../lib/autoconf/general.m4:207: AC_HELP_STRING is expanded from...
/usr/share/OpenSBE/config/ConfigFile.ac:39: the top level])
m4trace:/usr/share/OpenSBE/config/Helpers.ac:339: -2- _m4_warn([obsolete], [The macro `AC_HELP_STRING' is obsolete.
You should run autoupdate.], [../../lib/autoconf/general.m4:207: AC_HELP_STRING is expanded from...
/usr/share/OpenSBE/config/Helpers.ac:339: the top level])
m4trace:/usr/share/OpenSBE/config/Helpers.ac:356: -2- _m4_warn([obsolete], [The macro `AC_HELP_STRING' is obsolete.
You should run autoupdate.], [../../lib/autoconf/general.m4:207: AC_HELP_STRING is expanded from...
/usr/share/OpenSBE/config/Helpers.ac:356: the top level])
m4trace:/usr/share/OpenSBE/config/Helpers.ac:1102: -1- m4_pattern_allow([^OSBE_DIRENTRY_AUTO_DEPENDENCIES$])
m4trace:/usr/share/OpenSBE/config/Helpers.ac:1103: -1- m4_pattern_allow([^OSBE_MAKENTRY_AUTO_DEPENDENCIES$])
m4trace:/usr/share/OpenSBE/config/OpenSBE.ac:77: -1- _OSBE_COPY_FILE([auxiliary/install-sh])
m4trace:/usr/share/OpenSBE/config/OpenSBE.ac:78: -1- _OSBE_COPY_FILE([auxiliary/config.guess])
m4trace:/usr/share/OpenSBE/config/OpenSBE.ac:79: -1- _OSBE_COPY_FILE([auxiliary/config.sub])
m4trace:/usr/share/OpenSBE/config/OpenSBE.ac:80: -1- _OSBE_COPY_FILE([auxiliary/Location.guess])
m4trace:/usr/share/OpenSBE/config/OpenSBE.ac:82: -1- _OSBE_COPY_FILE([bin/cp_lns.sh])
m4trace:/usr/share/OpenSBE/config/OpenSBE.ac:84: -1- _OSBE_COPY_FILE([config/Dir.pre.rules.in])
m4trace:/usr/share/OpenSBE/config/OpenSBE.ac:85: -1- _OSBE_COPY_FILE([config/Common.pre.rules.in])
m4trace:/usr/share/OpenSBE/config/OpenSBE.ac:86: -1- _OSBE_COPY_FILE([config/Direntry.post.rules.in])
m4trace:/usr/share/OpenSBE/config/OpenSBE.ac:87: -1- _OSBE_COPY_FILE([config/Makentry.post.rules.in])
m4trace:/usr/share/OpenSBE/config/OpenSBE.ac:88: -1- _OSBE_COPY_FILE([config/Check.post.rules.in])
m4trace:/usr/share/OpenSBE/config/OpenSBE.ac:90: -1- AC_CANONICAL_HOST
m4trace:/usr/share/OpenSBE/config/OpenSBE.ac:90: -1- AC_CANONICAL_BUILD
m4trace:/usr/share/OpenSBE/config/OpenSBE.ac:90: -1- AC_REQUIRE_AUX_FILE([config.sub])
m4trace:/usr/share/OpenSBE/config/OpenSBE.ac:90: -1- AC_REQUIRE_AUX_FILE([config.guess])
m4trace:/usr/share/OpenSBE/config/OpenSBE.ac:90: -1- AC_SUBST([build], [$ac_cv_build])
m4trace:/usr/share/OpenSBE/config/OpenSBE.ac:90: -1- AC_SUBST_TRACE([build])
m4trace:/usr/share/OpenSBE/config/OpenSBE.ac:90: -1- m4_pattern_allow([^build$])
m4trace:/usr/share/OpenSBE/config/OpenSBE.ac:90: -1- AC_SUBST([build_cpu], [$[1]])
m4trace:/usr/share/OpenSBE/config/OpenSBE.ac:90: -1- AC_SUBST_TRACE([build_cpu])
m4trace:/usr/share/OpenSBE/config/OpenSBE.ac:90: -1- m4_pattern_allow([^build_cpu$])
m4trace:/usr/share/OpenSBE/config/OpenSBE.ac:90: -1- AC_SUBST([build_vendor], [$[2]])
m4trace:/usr/share/OpenSBE/config/OpenSBE.ac:90: -1- AC_SUBST_TRACE([build_vendor])
m4trace:/usr/share/OpenSBE/config/OpenSBE.ac:90: -1- m4_pattern_allow([^build_vendor$])
m4trace:/usr/share/OpenSBE/config/OpenSBE.ac:90: -1- AC_SUBST([build_os])
m4trace:/usr/share/OpenSBE/config/OpenSBE.ac:90: -1- AC_SUBST_TRACE([build_os])
m4trace:/usr/share/OpenSBE/config/OpenSBE.ac:90: -1- m4_pattern_allow([^build_os$])
m4trace:/usr/share/OpenSBE/config/OpenSBE.ac:90: -1- AC_SUBST([host], [$ac_cv_host])
m4trace:/usr/share/OpenSBE/config/OpenSBE.ac:90: -1- AC_SUBST_TRACE([host])
m4trace:/usr/share/OpenSBE/config/OpenSBE.ac:90: -1- m4_pattern_allow([^host$])
m4trace:/usr/share/OpenSBE/config/OpenSBE.ac:90: -1- AC_SUBST([host_cpu], [$[1]])
m4trace:/usr/share/OpenSBE/config/OpenSBE.ac:90: -1- AC_SUBST_TRACE([host_cpu])
m4trace:/usr/share/OpenSBE/config/OpenSBE.ac:90: -1- m4_pattern_allow([^host_cpu$])
m4trace:/usr/share/OpenSBE/config/OpenSBE.ac:90: -1- AC_SUBST([host_vendor], [$[2]])
m4trace:/usr/share/OpenSBE/config/OpenSBE.ac:90: -1- AC_SUBST_TRACE([host_vendor])
m4trace:/usr/share/OpenSBE/config/OpenSBE.ac:90: -1- m4_pattern_allow([^host_vendor$])
m4trace:/usr/share/OpenSBE/config/OpenSBE.ac:90: -1- AC_SUBST([host_os])
m4trace:/usr/share/OpenSBE/config/OpenSBE.ac:90: -1- AC_SUBST_TRACE([host_os])
m4trace:/usr/share/OpenSBE/config/OpenSBE.ac:90: -1- m4_pattern_allow([^host_os$])
m4trace:/usr/share/OpenSBE/config/OpenSBE.ac:91: -1- AC_SUBST([LN_S], [$as_ln_s])
m4trace:/usr/share/OpenSBE/config/OpenSBE.ac:91: -1- AC_SUBST_TRACE([LN_S])
m4trace:/usr/share/OpenSBE/config/OpenSBE.ac:91: -1- m4_pattern_allow([^LN_S$])
m4trace:/usr/share/OpenSBE/config/OpenSBE.ac:97: -1- m4_include([Install.ac])
m4trace:/usr/share/OpenSBE/config/Install.ac:23: -1- _OSBE_COPY_FILE([config/Install.pre.rules.in])
m4trace:/usr/share/OpenSBE/config/Install.ac:24: -1- _OSBE_COPY_FILE([config/Install.post.rules.in])
m4trace:/usr/share/OpenSBE/config/Install.ac:25: -1- _OSBE_COPY_FILE([bin/install_dir.sh])
m4trace:/usr/share/OpenSBE/config/Install.ac:27: -1- AC_CONFIG_FILES([OpenSBE/config/Install.pre.rules
                OpenSBE/config/Install.post.rules])
m4trace:/usr/share/OpenSBE/config/OpenSBE.ac:99: -1- AC_SUBST([CMD_DEP_COMMON])
m4trace:/usr/share/OpenSBE/config/OpenSBE.ac:99: -1- AC_SUBST_TRACE([CMD_DEP_COMMON])
m4trace:/usr/share/OpenSBE/config/OpenSBE.ac:99: -1- m4_pattern_allow([^CMD_DEP_COMMON$])
m4trace:/usr/share/OpenSBE/config/OpenSBE.ac:101: -1- AC_CONFIG_FILES([OpenSBE/config/Common.pre.rules
                OpenSBE/config/Direntry.post.rules
                OpenSBE/config/Makentry.post.rules
                OpenSBE/config/Check.post.rules])
m4trace:configure.ac:8: -1- m4_include([CmdDep.ac])
m4trace:configure.ac:8: -1- m4_include([CmdDepBase.ac])
m4trace:configure.ac:8: -1- AC_SUBST([CD_ON])
m4trace:configure.ac:8: -1- AC_SUBST_TRACE([CD_ON])
m4trace:configure.ac:8: -1- m4_pattern_allow([^CD_ON$])
m4trace:configure.ac:8: -1- AC_SUBST([CD_TB])
m4trace:configure.ac:8: -1- AC_SUBST_TRACE([CD_TB])
m4trace:configure.ac:8: -1- m4_pattern_allow([^CD_TB$])
m4trace:configure.ac:8: -1- AC_SUBST([CD_TE])
m4trace:configure.ac:8: -1- AC_SUBST_TRACE([CD_TE])
m4trace:configure.ac:8: -1- m4_pattern_allow([^CD_TE$])
m4trace:configure.ac:8: -1- AC_SUBST([CD_CB])
m4trace:configure.ac:8: -1- AC_SUBST_TRACE([CD_CB])
m4trace:configure.ac:8: -1- m4_pattern_allow([^CD_CB$])
m4trace:configure.ac:8: -1- AC_SUBST([CD_CE])
m4trace:configure.ac:8: -1- AC_SUBST_TRACE([CD_CE])
m4trace:configure.ac:8: -1- m4_pattern_allow([^CD_CE$])
m4trace:configure.ac:8: -1- AC_SUBST([CD_LB])
m4trace:configure.ac:8: -1- AC_SUBST_TRACE([CD_LB])
m4trace:configure.ac:8: -1- m4_pattern_allow([^CD_LB$])
m4trace:configure.ac:8: -1- AC_SUBST([CD_LE])
m4trace:configure.ac:8: -1- AC_SUBST_TRACE([CD_LE])
m4trace:configure.ac:8: -1- m4_pattern_allow([^CD_LE$])
m4trace:configure.ac:8: -1- _OSBE_COPY_FILE([config/CmdDep.pre.rules.in])
m4trace:configure.ac:8: -1- AC_CONFIG_FILES([OpenSBE/config/CmdDep.pre.rules])
m4trace:configure.ac:10: -1- m4_include([CXX/CXX.ac])
m4trace:configure.ac:10: -1- _OSBE_COPY_FILE([bin/cxxdep.pl])
m4trace:configure.ac:10: -1- _OSBE_COPY_FILE([bin/linkdep.pl])
m4trace:configure.ac:10: -1- _OSBE_COPY_FILE([bin/msvc_fe.pl])
m4trace:configure.ac:10: -1- _OSBE_COPY_FILE([bin/dump_obj.exe])
m4trace:configure.ac:10: -1- _OSBE_COPY_FILE([config/CXX/Defaults/*.def])
m4trace:configure.ac:10: -1- _OSBE_COPY_FILE([config/CXX/CXX.pre.rules.in])
m4trace:configure.ac:10: -1- _OSBE_COPY_FILE([config/CXX/CXX.mk.in])
m4trace:configure.ac:10: -1- AC_SUBST([CXX_ID])
m4trace:configure.ac:10: -1- AC_SUBST_TRACE([CXX_ID])
m4trace:configure.ac:10: -1- m4_pattern_allow([^CXX_ID$])
m4trace:configure.ac:10: -1- AC_CONFIG_FILES([OpenSBE/config/CXX/CXX.pre.rules])
m4trace:configure.ac:10: -1- AC_CONFIG_FILES([OpenSBE/config/CXX/CXX.mk])
m4trace:configure.ac:10: -1- AC_SUBST([CXX])
m4trace:configure.ac:10: -1- AC_SUBST_TRACE([CXX])
m4trace:configure.ac:10: -1- m4_pattern_allow([^CXX$])
m4trace:configure.ac:10: -1- AC_SUBST([CXXFLAGS])
m4trace:configure.ac:10: -1- AC_SUBST_TRACE([CXXFLAGS])
m4trace:configure.ac:10: -1- m4_pattern_allow([^CXXFLAGS$])
m4trace:configure.ac:10: -1- AC_SUBST([LDFLAGS])
m4trace:configure.ac:10: -1- AC_SUBST_TRACE([LDFLAGS])
m4trace:configure.ac:10: -1- m4_pattern_allow([^LDFLAGS$])
m4trace:configure.ac:10: -1- AC_SUBST([LIBS])
m4trace:configure.ac:10: -1- AC_SUBST_TRACE([LIBS])
m4trace:configure.ac:10: -1- m4_pattern_allow([^LIBS$])
m4trace:configure.ac:10: -1- AC_SUBST([CPPFLAGS])
m4trace:configure.ac:10: -1- AC_SUBST_TRACE([CPPFLAGS])
m4trace:configure.ac:10: -1- m4_pattern_allow([^CPPFLAGS$])
m4trace:configure.ac:10: -1- AC_SUBST([CXX])
m4trace:configure.ac:10: -1- AC_SUBST_TRACE([CXX])
m4trace:configure.ac:10: -1- m4_pattern_allow([^CXX$])
m4trace:configure.ac:10: -1- AC_SUBST([ac_ct_CXX])
m4trace:configure.ac:10: -1- AC_SUBST_TRACE([ac_ct_CXX])
m4trace:configure.ac:10: -1- m4_pattern_allow([^ac_ct_CXX$])
m4trace:configure.ac:10: -1- AC_SUBST([EXEEXT], [$ac_cv_exeext])
m4trace:configure.ac:10: -1- AC_SUBST_TRACE([EXEEXT])
m4trace:configure.ac:10: -1- m4_pattern_allow([^EXEEXT$])
m4trace:configure.ac:10: -1- AC_SUBST([OBJEXT], [$ac_cv_objext])
m4trace:configure.ac:10: -1- AC_SUBST_TRACE([OBJEXT])
m4trace:configure.ac:10: -1- m4_pattern_allow([^OBJEXT$])
m4trace:configure.ac:10: -1- AC_SUBST([CXXCPP])
m4trace:configure.ac:10: -1- AC_SUBST_TRACE([CXXCPP])
m4trace:configure.ac:10: -1- m4_pattern_allow([^CXXCPP$])
m4trace:configure.ac:10: -1- AC_SUBST([CPPFLAGS])
m4trace:configure.ac:10: -1- AC_SUBST_TRACE([CPPFLAGS])
m4trace:configure.ac:10: -1- m4_pattern_allow([^CPPFLAGS$])
m4trace:configure.ac:10: -1- AC_SUBST([CXXCPP])
m4trace:configure.ac:10: -1- AC_SUBST_TRACE([CXXCPP])
m4trace:configure.ac:10: -1- m4_pattern_allow([^CXXCPP$])
m4trace:configure.ac:10: -1- AC_SUBST([CXXDEP])
m4trace:configure.ac:10: -1- AC_SUBST_TRACE([CXXDEP])
m4trace:configure.ac:10: -1- m4_pattern_allow([^CXXDEP$])
m4trace:configure.ac:10: -1- AC_SUBST([LINKDEP])
m4trace:configure.ac:10: -1- AC_SUBST_TRACE([LINKDEP])
m4trace:configure.ac:10: -1- m4_pattern_allow([^LINKDEP$])
m4trace:configure.ac:10: -1- AC_SUBST([LINKDEPFLAGS])
m4trace:configure.ac:10: -1- AC_SUBST_TRACE([LINKDEPFLAGS])
m4trace:configure.ac:10: -1- m4_pattern_allow([^LINKDEPFLAGS$])
m4trace:configure.ac:10: -1- AC_SUBST([CXX_PH_SUPPORTED])
m4trace:configure.ac:10: -1- AC_SUBST_TRACE([CXX_PH_SUPPORTED])
m4trace:configure.ac:10: -1- m4_pattern_allow([^CXX_PH_SUPPORTED$])
m4trace:configure.ac:10: -1- AC_SUBST([CXX_PH_FILE])
m4trace:configure.ac:10: -1- AC_SUBST_TRACE([CXX_PH_FILE])
m4trace:configure.ac:10: -1- m4_pattern_allow([^CXX_PH_FILE$])
m4trace:configure.ac:10: -1- AC_SUBST([CXX_PH_RESULT])
m4trace:configure.ac:10: -1- AC_SUBST_TRACE([CXX_PH_RESULT])
m4trace:configure.ac:10: -1- m4_pattern_allow([^CXX_PH_RESULT$])
m4trace:configure.ac:10: -1- AC_SUBST([CXX_PH_USAGE])
m4trace:configure.ac:10: -1- AC_SUBST_TRACE([CXX_PH_USAGE])
m4trace:configure.ac:10: -1- m4_pattern_allow([^CXX_PH_USAGE$])
m4trace:configure.ac:10: -1- AC_SUBST([CXX_PH_FLAGS])
m4trace:configure.ac:10: -1- AC_SUBST_TRACE([CXX_PH_FLAGS])
m4trace:configure.ac:10: -1- m4_pattern_allow([^CXX_PH_FLAGS$])
m4trace:configure.ac:10: -1- AC_SUBST([OBJ_EXT])
m4trace:configure.ac:10: -1- AC_SUBST_TRACE([OBJ_EXT])
m4trace:configure.ac:10: -1- m4_pattern_allow([^OBJ_EXT$])
m4trace:configure.ac:11: -1- m4_include([CXX/Ar.ac])
m4trace:configure.ac:11: -1- _OSBE_COPY_FILE([bin/rulesgen.pl])
m4trace:configure.ac:11: -1- _OSBE_COPY_FILE([config/CXX/Ar.post.rules.in])
m4trace:configure.ac:11: -1- _OSBE_COPY_FILE([config/CXX/RulesGen.mk.in])
m4trace:configure.ac:11: -1- AC_CONFIG_FILES([OpenSBE/config/CXX/Ar.post.rules])
m4trace:configure.ac:11: -1- AC_SUBST([AR])
m4trace:configure.ac:11: -1- AC_SUBST_TRACE([AR])
m4trace:configure.ac:11: -1- m4_pattern_allow([^AR$])
m4trace:configure.ac:11: -1- AC_SUBST([ARFLAGS])
m4trace:configure.ac:11: -1- AC_SUBST_TRACE([ARFLAGS])
m4trace:configure.ac:11: -1- m4_pattern_allow([^ARFLAGS$])
m4trace:configure.ac:11: -1- AC_SUBST([AR_TARGET_TEMPLATE])
m4trace:configure.ac:11: -1- AC_SUBST_TRACE([AR_TARGET_TEMPLATE])
m4trace:configure.ac:11: -1- m4_pattern_allow([^AR_TARGET_TEMPLATE$])
m4trace:configure.ac:12: -1- m4_include([CXX/So.ac])
m4trace:configure.ac:12: -1- m4_include([CXX/So_and_Ex.ac])
m4trace:configure.ac:12: -1- _OSBE_COPY_FILE([config/CXX/So.post.rules.in])
m4trace:configure.ac:12: -1- AC_CONFIG_FILES([OpenSBE/config/CXX/So.post.rules])
m4trace:configure.ac:12: -1- AC_CONFIG_FILES([OpenSBE/config/CXX/RulesGen.mk])
m4trace:configure.ac:12: -1- AC_SUBST([LD_SO])
m4trace:configure.ac:12: -1- AC_SUBST_TRACE([LD_SO])
m4trace:configure.ac:12: -1- m4_pattern_allow([^LD_SO$])
m4trace:configure.ac:12: -1- AC_SUBST([SO_PRIMARY_TARGET_TEMPLATE])
m4trace:configure.ac:12: -1- AC_SUBST_TRACE([SO_PRIMARY_TARGET_TEMPLATE])
m4trace:configure.ac:12: -1- m4_pattern_allow([^SO_PRIMARY_TARGET_TEMPLATE$])
m4trace:configure.ac:12: -1- AC_SUBST([SO_SECONDARY_TARGET_TEMPLATE])
m4trace:configure.ac:12: -1- AC_SUBST_TRACE([SO_SECONDARY_TARGET_TEMPLATE])
m4trace:configure.ac:12: -1- m4_pattern_allow([^SO_SECONDARY_TARGET_TEMPLATE$])
m4trace:configure.ac:13: -1- m4_include([CXX/Inl.ac])
m4trace:configure.ac:13: -1- _OSBE_COPY_FILE([config/CXX/Inl.post.rules.in])
m4trace:configure.ac:13: -1- AC_CONFIG_FILES([OpenSBE/config/CXX/Inl.post.rules])
m4trace:configure.ac:14: -1- m4_include([CXX/Ex.ac])
m4trace:configure.ac:14: -1- _OSBE_COPY_FILE([config/CXX/Ex.post.rules.in])
m4trace:configure.ac:14: -1- AC_CONFIG_FILES([OpenSBE/config/CXX/Ex.post.rules])
m4trace:configure.ac:14: -1- AC_SUBST([LD_EX])
m4trace:configure.ac:14: -1- AC_SUBST_TRACE([LD_EX])
m4trace:configure.ac:14: -1- m4_pattern_allow([^LD_EX$])
m4trace:configure.ac:14: -1- AC_SUBST([EX_TARGET_TEMPLATE])
m4trace:configure.ac:14: -1- AC_SUBST_TRACE([EX_TARGET_TEMPLATE])
m4trace:configure.ac:14: -1- m4_pattern_allow([^EX_TARGET_TEMPLATE$])
m4trace:configure.ac:15: -1- m4_include([CXX/Def.ac])
m4trace:configure.ac:16: -1- m4_include([CXX/AutoDep.ac])
m4trace:configure.ac:18: -1- m4_include([CXX/XML/XSD.ac])
m4trace:configure.ac:18: -1- _OSBE_COPY_FILE([config/CXX/XML/XSDDefaults/*.def])
m4trace:configure.ac:18: -1- _OSBE_COPY_FILE([config/CXX/XML/XSD.pre.rules.in])
m4trace:configure.ac:18: -1- _OSBE_COPY_FILE([config/CXX/XML/XSD.mk.in])
m4trace:configure.ac:18: -1- _OSBE_COPY_FILE([config/CXX/XML/XSDTree.post.rules.in])
m4trace:configure.ac:18: -1- _OSBE_COPY_FILE([config/CXX/XML/XSDParser.post.rules.in])
m4trace:configure.ac:18: -1- AC_SUBST([CXX_XML_XSD_TRANSLATOR_ID])
m4trace:configure.ac:18: -1- AC_SUBST_TRACE([CXX_XML_XSD_TRANSLATOR_ID])
m4trace:configure.ac:18: -1- m4_pattern_allow([^CXX_XML_XSD_TRANSLATOR_ID$])
m4trace:configure.ac:18: -1- AC_SUBST([CXX_XML_XSD_TRANSLATOR])
m4trace:configure.ac:18: -1- AC_SUBST_TRACE([CXX_XML_XSD_TRANSLATOR])
m4trace:configure.ac:18: -1- m4_pattern_allow([^CXX_XML_XSD_TRANSLATOR$])
m4trace:configure.ac:18: -1- AC_SUBST([CXX_XML_XSD_TRANSLATOR_OUTPUTDIRFLAG])
m4trace:configure.ac:18: -1- AC_SUBST_TRACE([CXX_XML_XSD_TRANSLATOR_OUTPUTDIRFLAG])
m4trace:configure.ac:18: -1- m4_pattern_allow([^CXX_XML_XSD_TRANSLATOR_OUTPUTDIRFLAG$])
m4trace:configure.ac:18: -1- AC_SUBST([CXX_XML_XSD_CPPFLAGS])
m4trace:configure.ac:18: -1- AC_SUBST_TRACE([CXX_XML_XSD_CPPFLAGS])
m4trace:configure.ac:18: -1- m4_pattern_allow([^CXX_XML_XSD_CPPFLAGS$])
m4trace:configure.ac:18: -1- AC_SUBST([CXX_XML_XSD_CXXFLAGS])
m4trace:configure.ac:18: -1- AC_SUBST_TRACE([CXX_XML_XSD_CXXFLAGS])
m4trace:configure.ac:18: -1- m4_pattern_allow([^CXX_XML_XSD_CXXFLAGS$])
m4trace:configure.ac:18: -1- AC_SUBST([CXX_XML_XSD_LDFLAGS])
m4trace:configure.ac:18: -1- AC_SUBST_TRACE([CXX_XML_XSD_LDFLAGS])
m4trace:configure.ac:18: -1- m4_pattern_allow([^CXX_XML_XSD_LDFLAGS$])
m4trace:configure.ac:18: -1- AC_SUBST([CXX_XML_XSD_LIBS])
m4trace:configure.ac:18: -1- AC_SUBST_TRACE([CXX_XML_XSD_LIBS])
m4trace:configure.ac:18: -1- m4_pattern_allow([^CXX_XML_XSD_LIBS$])
m4trace:configure.ac:18: -1- AC_SUBST([CXX_XML_XSD_TRANSLATOR_COMMON_FLAGS])
m4trace:configure.ac:18: -1- AC_SUBST_TRACE([CXX_XML_XSD_TRANSLATOR_COMMON_FLAGS])
m4trace:configure.ac:18: -1- m4_pattern_allow([^CXX_XML_XSD_TRANSLATOR_COMMON_FLAGS$])
m4trace:configure.ac:18: -1- AC_SUBST([CXX_XML_XSD_TRANSLATOR_TREE_FLAGS])
m4trace:configure.ac:18: -1- AC_SUBST_TRACE([CXX_XML_XSD_TRANSLATOR_TREE_FLAGS])
m4trace:configure.ac:18: -1- m4_pattern_allow([^CXX_XML_XSD_TRANSLATOR_TREE_FLAGS$])
m4trace:configure.ac:18: -1- AC_SUBST([CXX_XML_XSD_TRANSLATOR_PARSER_FLAGS])
m4trace:configure.ac:18: -1- AC_SUBST_TRACE([CXX_XML_XSD_TRANSLATOR_PARSER_FLAGS])
m4trace:configure.ac:18: -1- m4_pattern_allow([^CXX_XML_XSD_TRANSLATOR_PARSER_FLAGS$])
m4trace:configure.ac:18: -1- AC_CONFIG_FILES([OpenSBE/config/CXX/XML/XSD.pre.rules])
m4trace:configure.ac:18: -1- AC_CONFIG_FILES([OpenSBE/config/CXX/XML/XSD.mk])
m4trace:configure.ac:18: -1- AC_CONFIG_FILES([OpenSBE/config/CXX/XML/XSDTree.post.rules])
m4trace:configure.ac:18: -1- AC_CONFIG_FILES([OpenSBE/config/CXX/XML/XSDParser.post.rules])
m4trace:configure.ac:18: -1- m4_pattern_allow([^CXX_XML_XSD_TRANSLATOR_LIBRARIES$])
m4trace:configure.ac:18: -1- m4_pattern_allow([^CXX_XML_XSD_TRANSLATOR_PRE_RULES$])
m4trace:configure.ac:18: -1- m4_pattern_allow([^CXX_XML_XSD_TRANSLATOR_POST_RULES$])
m4trace:configure.ac:18: -1- m4_pattern_allow([^CXX_XML_XSD_TRANSLATOR_POST_RULES_FOR_TREE$])
m4trace:configure.ac:18: -1- m4_pattern_allow([^CXX_XML_XSD_TRANSLATOR_POST_RULES_FOR_PARSER$])
m4trace:configure.ac:19: -1- m4_include([CXX/Corba.ac])
m4trace:configure.ac:19: -1- _OSBE_COPY_FILE([config/CXX/OrbDefaults/*.def])
m4trace:configure.ac:19: -1- _OSBE_COPY_FILE([config/CXX/Corba.pre.rules.in])
m4trace:configure.ac:19: -1- _OSBE_COPY_FILE([config/CXX/Corba.post.rules.in])
m4trace:configure.ac:19: -1- AC_SUBST([CXX_CORBA_ORB_ID])
m4trace:configure.ac:19: -1- AC_SUBST_TRACE([CXX_CORBA_ORB_ID])
m4trace:configure.ac:19: -1- m4_pattern_allow([^CXX_CORBA_ORB_ID$])
m4trace:configure.ac:19: -1- AC_SUBST([CXX_CORBA_IDL])
m4trace:configure.ac:19: -1- AC_SUBST_TRACE([CXX_CORBA_IDL])
m4trace:configure.ac:19: -1- m4_pattern_allow([^CXX_CORBA_IDL$])
m4trace:configure.ac:19: -1- AC_SUBST([CXX_CORBA_OUTPUTDIRFLAG])
m4trace:configure.ac:19: -1- AC_SUBST_TRACE([CXX_CORBA_OUTPUTDIRFLAG])
m4trace:configure.ac:19: -1- m4_pattern_allow([^CXX_CORBA_OUTPUTDIRFLAG$])
m4trace:configure.ac:19: -1- AC_SUBST([CXX_CORBA_CPPFLAGS])
m4trace:configure.ac:19: -1- AC_SUBST_TRACE([CXX_CORBA_CPPFLAGS])
m4trace:configure.ac:19: -1- m4_pattern_allow([^CXX_CORBA_CPPFLAGS$])
m4trace:configure.ac:19: -1- AC_SUBST([CXX_CORBA_CXXFLAGS])
m4trace:configure.ac:19: -1- AC_SUBST_TRACE([CXX_CORBA_CXXFLAGS])
m4trace:configure.ac:19: -1- m4_pattern_allow([^CXX_CORBA_CXXFLAGS$])
m4trace:configure.ac:19: -1- AC_SUBST([CXX_CORBA_LDFLAGS])
m4trace:configure.ac:19: -1- AC_SUBST_TRACE([CXX_CORBA_LDFLAGS])
m4trace:configure.ac:19: -1- m4_pattern_allow([^CXX_CORBA_LDFLAGS$])
m4trace:configure.ac:19: -1- AC_SUBST([CXX_CORBA_LIBS])
m4trace:configure.ac:19: -1- AC_SUBST_TRACE([CXX_CORBA_LIBS])
m4trace:configure.ac:19: -1- m4_pattern_allow([^CXX_CORBA_LIBS$])
m4trace:configure.ac:19: -1- AC_SUBST([CXX_CORBA_SKELSUFFIX])
m4trace:configure.ac:19: -1- AC_SUBST_TRACE([CXX_CORBA_SKELSUFFIX])
m4trace:configure.ac:19: -1- m4_pattern_allow([^CXX_CORBA_SKELSUFFIX$])
m4trace:configure.ac:19: -1- AC_SUBST([CXX_CORBA_STUBSUFFIX])
m4trace:configure.ac:19: -1- AC_SUBST_TRACE([CXX_CORBA_STUBSUFFIX])
m4trace:configure.ac:19: -1- m4_pattern_allow([^CXX_CORBA_STUBSUFFIX$])
m4trace:configure.ac:19: -1- AC_SUBST([CXX_CORBA_IDLPPFLAGS])
m4trace:configure.ac:19: -1- AC_SUBST_TRACE([CXX_CORBA_IDLPPFLAGS])
m4trace:configure.ac:19: -1- m4_pattern_allow([^CXX_CORBA_IDLPPFLAGS$])
m4trace:configure.ac:19: -1- AC_SUBST([CXX_CORBA_EXTRA_IDLFLAGS])
m4trace:configure.ac:19: -1- AC_SUBST_TRACE([CXX_CORBA_EXTRA_IDLFLAGS])
m4trace:configure.ac:19: -1- m4_pattern_allow([^CXX_CORBA_EXTRA_IDLFLAGS$])
m4trace:configure.ac:19: -1- AC_SUBST([CXX_CORBA_IDLFLAGS])
m4trace:configure.ac:19: -1- AC_SUBST_TRACE([CXX_CORBA_IDLFLAGS])
m4trace:configure.ac:19: -1- m4_pattern_allow([^CXX_CORBA_IDLFLAGS$])
m4trace:configure.ac:19: -1- AC_SUBST([CXX_CORBA_IDLINCLUDEBASE])
m4trace:configure.ac:19: -1- AC_SUBST_TRACE([CXX_CORBA_IDLINCLUDEBASE])
m4trace:configure.ac:19: -1- m4_pattern_allow([^CXX_CORBA_IDLINCLUDEBASE$])
m4trace:configure.ac:19: -1- AC_SUBST([CXX_CORBA_POST_IDL])
m4trace:configure.ac:19: -1- AC_SUBST_TRACE([CXX_CORBA_POST_IDL])
m4trace:configure.ac:19: -1- m4_pattern_allow([^CXX_CORBA_POST_IDL$])
m4trace:configure.ac:19: -1- AC_CONFIG_FILES([OpenSBE/config/CXX/Corba.pre.rules])
m4trace:configure.ac:19: -1- AC_CONFIG_FILES([OpenSBE/config/CXX/Corba.post.rules])
m4trace:configure.ac:19: -1- m4_pattern_allow([^CXX_CORBA_ORB_LIBRARIES$])
m4trace:configure.ac:19: -1- m4_pattern_allow([^CXX_CORBA_ORB_PRE_RULES$])
m4trace:configure.ac:19: -1- m4_pattern_allow([^CXX_CORBA_ORB_POST_RULES$])
m4trace:configure.ac:21: -1- m4_include([Documentation/Doxygen.ac])
m4trace:configure.ac:21: -1- _OSBE_COPY_FILE([config/Documentation/Doxygen.pre.rules.in])
m4trace:configure.ac:21: -1- _OSBE_COPY_FILE([config/Documentation/Doxygen.post.rules.in])
m4trace:configure.ac:21: -1- AC_CONFIG_FILES([OpenSBE/config/Documentation/Doxygen.pre.rules])
m4trace:configure.ac:21: -1- AC_CONFIG_FILES([OpenSBE/config/Documentation/Doxygen.post.rules])
m4trace:configure.ac:21: -1- AC_SUBST([DOXYGEN_PATH])
m4trace:configure.ac:21: -1- AC_SUBST_TRACE([DOXYGEN_PATH])
m4trace:configure.ac:21: -1- m4_pattern_allow([^DOXYGEN_PATH$])
m4trace:configure.ac:35: -1- AC_SUBST([use_moran])
m4trace:configure.ac:35: -1- AC_SUBST_TRACE([use_moran])
m4trace:configure.ac:35: -1- m4_pattern_allow([^use_moran$])
m4trace:configure.ac:60: -1- AC_SUBST([use_java])
m4trace:configure.ac:60: -1- AC_SUBST_TRACE([use_java])
m4trace:configure.ac:60: -1- m4_pattern_allow([^use_java$])
m4trace:configure.ac:62: -1- m4_include([dir.ac])
m4trace:dir.ac:4: -1- AC_CONFIG_FILES([Makefile])
m4trace:dir.ac:4: -1- AC_CONFIG_FILES([Common.pre.rules:OpenSBE/config/Dir.pre.rules.in])
m4trace:dir.ac:5: -1- m4_include([doc/dir.ac])
m4trace:doc/dir.ac:1: -1- AC_CONFIG_FILES([doc/Makefile])
m4trace:doc/dir.ac:1: -1- AC_CONFIG_FILES([doc/Common.pre.rules:OpenSBE/config/Dir.pre.rules.in])
m4trace:doc/dir.ac:2: -1- AC_CONFIG_FILES([doc/Doxyfile])
m4trace:dir.ac:6: -1- m4_include([src/dir.ac])
m4trace:src/dir.ac:4: -1- AC_CONFIG_FILES([src/Makefile])
m4trace:src/dir.ac:4: -1- AC_CONFIG_FILES([src/Common.pre.rules:OpenSBE/config/Dir.pre.rules.in])
m4trace:src/dir.ac:5: -1- m4_include([src/Apache/dir.ac])
m4trace:src/Apache/dir.ac:4: -1- AC_CONFIG_FILES([src/Apache/Makefile])
m4trace:src/Apache/dir.ac:4: -1- AC_CONFIG_FILES([src/Apache/Common.pre.rules:OpenSBE/config/Dir.pre.rules.in])
m4trace:src/Apache/dir.ac:5: -1- m4_pattern_allow([^apachemodule_deps$])
m4trace:src/Apache/dir.ac:5: -1- m4_pattern_allow([^apachemodule_post$])
m4trace:src/Apache/dir.ac:5: -1- AC_CONFIG_FILES([src/Apache/ApacheModule.mk])
m4trace:src/Apache/dir.ac:6: -1- m4_pattern_allow([^apacheadapters_deps$])
m4trace:src/Apache/dir.ac:6: -1- m4_pattern_allow([^apacheadapters_post$])
m4trace:src/Apache/dir.ac:6: -1- AC_CONFIG_FILES([src/Apache/ApacheAdapters.mk])
m4trace:src/Apache/dir.ac:7: -1- m4_pattern_allow([^preloadace_deps$])
m4trace:src/Apache/dir.ac:7: -1- m4_pattern_allow([^preloadace_post$])
m4trace:src/Apache/dir.ac:7: -1- AC_CONFIG_FILES([src/Apache/PreloadACE.mk])
m4trace:src/dir.ac:6: -1- m4_include([src/CaseUtil/dir.ac])
m4trace:src/CaseUtil/dir.ac:1: -1- AC_CONFIG_FILES([src/CaseUtil/Makefile])
m4trace:src/CaseUtil/dir.ac:1: -1- AC_CONFIG_FILES([src/CaseUtil/Common.pre.rules:OpenSBE/config/Dir.pre.rules.in])
m4trace:src/CaseUtil/dir.ac:2: -1- m4_pattern_allow([^caseutil_deps$])
m4trace:src/CaseUtil/dir.ac:2: -1- m4_pattern_allow([^caseutil_post$])
m4trace:src/dir.ac:7: -1- m4_include([src/CORBA/dir.ac])
m4trace:src/CORBA/dir.ac:4: -1- AC_CONFIG_FILES([src/CORBA/Makefile])
m4trace:src/CORBA/dir.ac:4: -1- AC_CONFIG_FILES([src/CORBA/Common.pre.rules:OpenSBE/config/Dir.pre.rules.in])
m4trace:src/CORBA/dir.ac:5: -1- m4_include([src/CORBA/CORBACommons/dir.ac])
m4trace:src/CORBA/CORBACommons/dir.ac:1: -1- AC_CONFIG_FILES([src/CORBA/CORBACommons/Makefile])
m4trace:src/CORBA/CORBACommons/dir.ac:1: -1- AC_CONFIG_FILES([src/CORBA/CORBACommons/Common.pre.rules:OpenSBE/config/Dir.pre.rules.in])
m4trace:src/CORBA/CORBACommons/dir.ac:2: -1- m4_pattern_allow([^corbacommons_deps$])
m4trace:src/CORBA/CORBACommons/dir.ac:2: -1- m4_pattern_allow([^corbacommons_post$])
m4trace:src/CORBA/dir.ac:6: -1- m4_include([src/CORBA/CORBAConfigParser/dir.ac])
m4trace:src/CORBA/CORBAConfigParser/dir.ac:1: -1- AC_CONFIG_FILES([src/CORBA/CORBAConfigParser/Makefile])
m4trace:src/CORBA/CORBAConfigParser/dir.ac:1: -1- AC_CONFIG_FILES([src/CORBA/CORBAConfigParser/Common.pre.rules:OpenSBE/config/Dir.pre.rules.in])
m4trace:src/CORBA/CORBAConfigParser/dir.ac:2: -1- m4_pattern_allow([^corbaconfigparser_deps$])
m4trace:src/CORBA/CORBAConfigParser/dir.ac:2: -1- m4_pattern_allow([^corbaconfigparser_post$])
m4trace:src/CORBA/dir.ac:7: -1- m4_include([src/CORBA/ProbeObj/dir.ac])
m4trace:src/CORBA/ProbeObj/dir.ac:4: -1- AC_CONFIG_FILES([src/CORBA/ProbeObj/Makefile])
m4trace:src/CORBA/ProbeObj/dir.ac:4: -1- AC_CONFIG_FILES([src/CORBA/ProbeObj/Common.pre.rules:OpenSBE/config/Dir.pre.rules.in])
m4trace:src/CORBA/ProbeObj/dir.ac:5: -1- m4_pattern_allow([^probeobj_deps$])
m4trace:src/CORBA/ProbeObj/dir.ac:5: -1- m4_pattern_allow([^probeobj_post$])
m4trace:src/CORBA/dir.ac:8: -1- m4_include([src/CORBA/StatsTool/dir.ac])
m4trace:src/CORBA/StatsTool/dir.ac:1: -1- AC_CONFIG_FILES([src/CORBA/StatsTool/Makefile])
m4trace:src/CORBA/StatsTool/dir.ac:1: -1- AC_CONFIG_FILES([src/CORBA/StatsTool/Common.pre.rules:OpenSBE/config/Dir.pre.rules.in])
m4trace:src/CORBA/StatsTool/dir.ac:2: -1- m4_pattern_allow([^statstool_deps$])
m4trace:src/CORBA/StatsTool/dir.ac:2: -1- m4_pattern_allow([^statstool_post$])
m4trace:src/dir.ac:8: -1- m4_include([src/eh/dir.ac])
m4trace:src/eh/dir.ac:1: -1- AC_CONFIG_FILES([src/eh/Makefile])
m4trace:src/eh/dir.ac:1: -1- AC_CONFIG_FILES([src/eh/Common.pre.rules:OpenSBE/config/Dir.pre.rules.in])
m4trace:src/eh/dir.ac:2: -1- m4_pattern_allow([^exceptionhandling_deps$])
m4trace:src/eh/dir.ac:2: -1- m4_pattern_allow([^exceptionhandling_post$])
m4trace:src/dir.ac:9: -1- m4_include([src/Generics/dir.ac])
m4trace:src/Generics/dir.ac:4: -1- AC_CONFIG_FILES([src/Generics/Makefile])
m4trace:src/Generics/dir.ac:4: -1- AC_CONFIG_FILES([src/Generics/Common.pre.rules:OpenSBE/config/Dir.pre.rules.in])
m4trace:src/Generics/dir.ac:5: -1- m4_pattern_allow([^generics_deps$])
m4trace:src/Generics/dir.ac:5: -1- m4_pattern_allow([^generics_post$])
m4trace:src/dir.ac:10: -1- m4_include([src/GeoIP/dir.ac])
m4trace:src/GeoIP/dir.ac:4: -1- AC_CONFIG_FILES([src/GeoIP/Makefile])
m4trace:src/GeoIP/dir.ac:4: -1- AC_CONFIG_FILES([src/GeoIP/Common.pre.rules:OpenSBE/config/Dir.pre.rules.in])
m4trace:src/GeoIP/dir.ac:5: -1- m4_pattern_allow([^ipmap_deps$])
m4trace:src/GeoIP/dir.ac:5: -1- m4_pattern_allow([^ipmap_post$])
m4trace:src/dir.ac:11: -1- m4_include([src/HostnameUtil/dir.ac])
m4trace:src/HostnameUtil/dir.ac:1: -1- AC_CONFIG_FILES([src/HostnameUtil/Makefile])
m4trace:src/HostnameUtil/dir.ac:1: -1- AC_CONFIG_FILES([src/HostnameUtil/Common.pre.rules:OpenSBE/config/Dir.pre.rules.in])
m4trace:src/HostnameUtil/dir.ac:2: -1- m4_pattern_allow([^hostnameutil_deps$])
m4trace:src/HostnameUtil/dir.ac:2: -1- m4_pattern_allow([^hostnameutil_post$])
m4trace:src/dir.ac:12: -1- m4_include([src/HTTP/dir.ac])
m4trace:src/HTTP/dir.ac:4: -1- AC_CONFIG_FILES([src/HTTP/Makefile])
m4trace:src/HTTP/dir.ac:4: -1- AC_CONFIG_FILES([src/HTTP/Common.pre.rules:OpenSBE/config/Dir.pre.rules.in])
m4trace:src/HTTP/dir.ac:5: -1- m4_pattern_allow([^http_deps$])
m4trace:src/HTTP/dir.ac:5: -1- m4_pattern_allow([^http_post$])
m4trace:src/dir.ac:13: -1- m4_include([src/Java/dir.ac])
m4trace:src/Java/dir.ac:1: -1- AC_CONFIG_FILES([src/Java/Makefile])
m4trace:src/Java/dir.ac:1: -1- AC_CONFIG_FILES([src/Java/Common.pre.rules:OpenSBE/config/Dir.pre.rules.in])
m4trace:src/Java/dir.ac:2: -1- m4_include([src/Java/HttpJavaFunctions/dir.ac])
m4trace:src/Java/HttpJavaFunctions/dir.ac:1: -1- AC_CONFIG_FILES([src/Java/HttpJavaFunctions/Makefile])
m4trace:src/Java/HttpJavaFunctions/dir.ac:1: -1- AC_CONFIG_FILES([src/Java/HttpJavaFunctions/Common.pre.rules:OpenSBE/config/Dir.pre.rules.in])
m4trace:src/Java/HttpJavaFunctions/dir.ac:2: -1- m4_pattern_allow([^httpjavafunctions_deps$])
m4trace:src/Java/HttpJavaFunctions/dir.ac:2: -1- m4_pattern_allow([^httpjavafunctions_post$])
m4trace:src/Java/dir.ac:3: -1- m4_include([src/Java/JavaCommons/dir.ac])
m4trace:src/Java/JavaCommons/dir.ac:1: -1- AC_CONFIG_FILES([src/Java/JavaCommons/Makefile])
m4trace:src/Java/JavaCommons/dir.ac:1: -1- AC_CONFIG_FILES([src/Java/JavaCommons/Common.pre.rules:OpenSBE/config/Dir.pre.rules.in])
m4trace:src/Java/JavaCommons/dir.ac:2: -1- m4_pattern_allow([^javacommons_deps$])
m4trace:src/Java/JavaCommons/dir.ac:2: -1- m4_pattern_allow([^javacommons_post$])
m4trace:src/Java/dir.ac:4: -1- m4_include([src/Java/SyslogJavaAdapter/dir.ac])
m4trace:src/Java/SyslogJavaAdapter/dir.ac:1: -1- AC_CONFIG_FILES([src/Java/SyslogJavaAdapter/Makefile])
m4trace:src/Java/SyslogJavaAdapter/dir.ac:1: -1- AC_CONFIG_FILES([src/Java/SyslogJavaAdapter/Common.pre.rules:OpenSBE/config/Dir.pre.rules.in])
m4trace:src/Java/SyslogJavaAdapter/dir.ac:2: -1- m4_pattern_allow([^syslogjavaadapter_deps$])
m4trace:src/Java/SyslogJavaAdapter/dir.ac:2: -1- m4_pattern_allow([^syslogjavaadapter_post$])
m4trace:src/dir.ac:14: -1- m4_include([src/Language/dir.ac])
m4trace:src/Language/dir.ac:4: -1- AC_CONFIG_FILES([src/Language/Makefile])
m4trace:src/Language/dir.ac:4: -1- AC_CONFIG_FILES([src/Language/Common.pre.rules:OpenSBE/config/Dir.pre.rules.in])
m4trace:src/Language/dir.ac:5: -1- m4_include([src/Language/BLogic/dir.ac])
m4trace:src/Language/BLogic/dir.ac:1: -1- AC_CONFIG_FILES([src/Language/BLogic/Makefile])
m4trace:src/Language/BLogic/dir.ac:1: -1- AC_CONFIG_FILES([src/Language/BLogic/Common.pre.rules:OpenSBE/config/Dir.pre.rules.in])
m4trace:src/Language/BLogic/dir.ac:2: -1- m4_pattern_allow([^blogic_deps$])
m4trace:src/Language/BLogic/dir.ac:2: -1- m4_pattern_allow([^blogic_post$])
m4trace:src/Language/dir.ac:7: -1- m4_include([src/Language/GenericSegmentor/dir.ac])
m4trace:src/Language/GenericSegmentor/dir.ac:1: -1- AC_CONFIG_FILES([src/Language/GenericSegmentor/Makefile])
m4trace:src/Language/GenericSegmentor/dir.ac:1: -1- AC_CONFIG_FILES([src/Language/GenericSegmentor/Common.pre.rules:OpenSBE/config/Dir.pre.rules.in])
m4trace:src/Language/GenericSegmentor/dir.ac:2: -1- m4_pattern_allow([^genericsegmentor_deps$])
m4trace:src/Language/GenericSegmentor/dir.ac:2: -1- m4_pattern_allow([^genericsegmentor_post$])
m4trace:src/Language/dir.ac:10: -1- m4_include([src/Language/Polyglot/dir.ac])
m4trace:src/Language/Polyglot/dir.ac:1: -1- AC_CONFIG_FILES([src/Language/Polyglot/Makefile])
m4trace:src/Language/Polyglot/dir.ac:1: -1- AC_CONFIG_FILES([src/Language/Polyglot/Common.pre.rules:OpenSBE/config/Dir.pre.rules.in])
m4trace:src/Language/Polyglot/dir.ac:2: -1- m4_pattern_allow([^polyglot_deps$])
m4trace:src/Language/Polyglot/dir.ac:2: -1- m4_pattern_allow([^polyglot_post$])
m4trace:src/Language/dir.ac:11: -1- m4_include([src/Language/SegmentorCommons/dir.ac])
m4trace:src/Language/SegmentorCommons/dir.ac:4: -1- AC_CONFIG_FILES([src/Language/SegmentorCommons/Makefile])
m4trace:src/Language/SegmentorCommons/dir.ac:4: -1- AC_CONFIG_FILES([src/Language/SegmentorCommons/Common.pre.rules:OpenSBE/config/Dir.pre.rules.in])
m4trace:src/Language/SegmentorCommons/dir.ac:5: -1- m4_pattern_allow([^segmentorcommons_deps$])
m4trace:src/Language/SegmentorCommons/dir.ac:5: -1- m4_pattern_allow([^segmentorcommons_post$])
m4trace:src/Language/dir.ac:12: -1- m4_include([src/Language/SegmentorManager/dir.ac])
m4trace:src/Language/SegmentorManager/dir.ac:4: -1- AC_CONFIG_FILES([src/Language/SegmentorManager/Makefile])
m4trace:src/Language/SegmentorManager/dir.ac:4: -1- AC_CONFIG_FILES([src/Language/SegmentorManager/Common.pre.rules:OpenSBE/config/Dir.pre.rules.in])
m4trace:src/Language/SegmentorManager/dir.ac:5: -1- m4_pattern_allow([^segmentormanager_deps$])
m4trace:src/Language/SegmentorManager/dir.ac:5: -1- m4_pattern_allow([^segmentormanager_post$])
m4trace:src/Language/dir.ac:13: -1- m4_include([src/Language/SegmentorUtil/dir.ac])
m4trace:src/Language/SegmentorUtil/dir.ac:4: -1- AC_CONFIG_FILES([src/Language/SegmentorUtil/Makefile])
m4trace:src/Language/SegmentorUtil/dir.ac:4: -1- AC_CONFIG_FILES([src/Language/SegmentorUtil/Common.pre.rules:OpenSBE/config/Dir.pre.rules.in])
m4trace:src/Language/SegmentorUtil/dir.ac:5: -1- m4_pattern_allow([^linguistutil_deps$])
m4trace:src/Language/SegmentorUtil/dir.ac:5: -1- m4_pattern_allow([^linguistutil_post$])
m4trace:src/dir.ac:15: -1- m4_include([src/Logger/dir.ac])
m4trace:src/Logger/dir.ac:1: -1- AC_CONFIG_FILES([src/Logger/Makefile])
m4trace:src/Logger/dir.ac:1: -1- AC_CONFIG_FILES([src/Logger/Common.pre.rules:OpenSBE/config/Dir.pre.rules.in])
m4trace:src/Logger/dir.ac:2: -1- m4_pattern_allow([^logger_deps$])
m4trace:src/Logger/dir.ac:2: -1- m4_pattern_allow([^logger_post$])
m4trace:src/dir.ac:16: -1- m4_include([src/PlainStorage/dir.ac])
m4trace:src/PlainStorage/dir.ac:1: -1- AC_CONFIG_FILES([src/PlainStorage/Makefile])
m4trace:src/PlainStorage/dir.ac:1: -1- AC_CONFIG_FILES([src/PlainStorage/Common.pre.rules:OpenSBE/config/Dir.pre.rules.in])
m4trace:src/PlainStorage/dir.ac:2: -1- m4_pattern_allow([^plainstorage_deps$])
m4trace:src/PlainStorage/dir.ac:2: -1- m4_pattern_allow([^plainstorage_post$])
m4trace:src/dir.ac:17: -1- m4_include([src/PrivacyFilter/dir.ac])
m4trace:src/PrivacyFilter/dir.ac:1: -1- AC_CONFIG_FILES([src/PrivacyFilter/Makefile])
m4trace:src/PrivacyFilter/dir.ac:1: -1- AC_CONFIG_FILES([src/PrivacyFilter/Common.pre.rules:OpenSBE/config/Dir.pre.rules.in])
m4trace:src/PrivacyFilter/dir.ac:2: -1- m4_pattern_allow([^privacyfilter_deps$])
m4trace:src/PrivacyFilter/dir.ac:2: -1- m4_pattern_allow([^privacyfilter_post$])
m4trace:src/dir.ac:18: -1- m4_include([src/Profiler/dir.ac])
m4trace:src/Profiler/dir.ac:4: -1- AC_CONFIG_FILES([src/Profiler/Makefile])
m4trace:src/Profiler/dir.ac:4: -1- AC_CONFIG_FILES([src/Profiler/Common.pre.rules:OpenSBE/config/Dir.pre.rules.in])
m4trace:src/Profiler/dir.ac:5: -1- m4_include([src/Profiler/Lib/dir.ac])
m4trace:src/Profiler/Lib/dir.ac:4: -1- AC_CONFIG_FILES([src/Profiler/Lib/Makefile])
m4trace:src/Profiler/Lib/dir.ac:4: -1- AC_CONFIG_FILES([src/Profiler/Lib/Common.pre.rules:OpenSBE/config/Dir.pre.rules.in])
m4trace:src/Profiler/Lib/dir.ac:5: -1- m4_pattern_allow([^profiler_deps$])
m4trace:src/Profiler/Lib/dir.ac:5: -1- m4_pattern_allow([^profiler_post$])
m4trace:src/Profiler/dir.ac:6: -1- m4_include([src/Profiler/Parser/dir.ac])
m4trace:src/Profiler/Parser/dir.ac:4: -1- AC_CONFIG_FILES([src/Profiler/Parser/Makefile])
m4trace:src/Profiler/Parser/dir.ac:4: -1- AC_CONFIG_FILES([src/Profiler/Parser/Common.pre.rules:OpenSBE/config/Dir.pre.rules.in])
m4trace:src/Profiler/Parser/dir.ac:5: -1- m4_pattern_allow([^parser_deps$])
m4trace:src/Profiler/Parser/dir.ac:5: -1- m4_pattern_allow([^parser_post$])
m4trace:src/dir.ac:19: -1- m4_include([src/ReferenceCounting/dir.ac])
m4trace:src/ReferenceCounting/dir.ac:1: -1- AC_CONFIG_FILES([src/ReferenceCounting/Makefile])
m4trace:src/ReferenceCounting/dir.ac:1: -1- AC_CONFIG_FILES([src/ReferenceCounting/Common.pre.rules:OpenSBE/config/Dir.pre.rules.in])
m4trace:src/ReferenceCounting/dir.ac:2: -1- m4_pattern_allow([^referencecounting_deps$])
m4trace:src/ReferenceCounting/dir.ac:2: -1- m4_pattern_allow([^referencecounting_post$])
m4trace:src/dir.ac:20: -1- m4_include([src/RotateLog/dir.ac])
m4trace:src/RotateLog/dir.ac:1: -1- AC_CONFIG_FILES([src/RotateLog/Makefile])
m4trace:src/RotateLog/dir.ac:1: -1- AC_CONFIG_FILES([src/RotateLog/Common.pre.rules:OpenSBE/config/Dir.pre.rules.in])
m4trace:src/RotateLog/dir.ac:2: -1- m4_pattern_allow([^rotatelog_deps$])
m4trace:src/RotateLog/dir.ac:2: -1- m4_pattern_allow([^rotatelog_post$])
m4trace:src/dir.ac:21: -1- m4_include([src/SNMPAgent/dir.ac])
m4trace:src/SNMPAgent/dir.ac:1: -1- AC_CONFIG_FILES([src/SNMPAgent/Makefile])
m4trace:src/SNMPAgent/dir.ac:1: -1- AC_CONFIG_FILES([src/SNMPAgent/Common.pre.rules:OpenSBE/config/Dir.pre.rules.in])
m4trace:src/SNMPAgent/dir.ac:2: -1- m4_pattern_allow([^snmpagentx_deps$])
m4trace:src/SNMPAgent/dir.ac:2: -1- m4_pattern_allow([^snmpagentx_post$])
m4trace:src/dir.ac:22: -1- m4_include([src/Stream/dir.ac])
m4trace:src/Stream/dir.ac:1: -1- AC_CONFIG_FILES([src/Stream/Makefile])
m4trace:src/Stream/dir.ac:1: -1- AC_CONFIG_FILES([src/Stream/Common.pre.rules:OpenSBE/config/Dir.pre.rules.in])
m4trace:src/Stream/dir.ac:2: -1- m4_pattern_allow([^stream_deps$])
m4trace:src/Stream/dir.ac:2: -1- m4_pattern_allow([^stream_post$])
m4trace:src/dir.ac:23: -1- m4_include([src/String/dir.ac])
m4trace:src/String/dir.ac:1: -1- AC_CONFIG_FILES([src/String/Makefile])
m4trace:src/String/dir.ac:1: -1- AC_CONFIG_FILES([src/String/Common.pre.rules:OpenSBE/config/Dir.pre.rules.in])
m4trace:src/String/dir.ac:2: -1- m4_pattern_allow([^string_deps$])
m4trace:src/String/dir.ac:2: -1- m4_pattern_allow([^string_post$])
m4trace:src/dir.ac:24: -1- m4_include([src/Sync/dir.ac])
m4trace:src/Sync/dir.ac:1: -1- AC_CONFIG_FILES([src/Sync/Makefile])
m4trace:src/Sync/dir.ac:1: -1- AC_CONFIG_FILES([src/Sync/Common.pre.rules:OpenSBE/config/Dir.pre.rules.in])
m4trace:src/Sync/dir.ac:2: -1- m4_pattern_allow([^sync_deps$])
m4trace:src/Sync/dir.ac:2: -1- m4_pattern_allow([^sync_post$])
m4trace:src/dir.ac:25: -1- m4_include([src/TestCommons/dir.ac])
m4trace:src/TestCommons/dir.ac:1: -1- AC_CONFIG_FILES([src/TestCommons/Makefile])
m4trace:src/TestCommons/dir.ac:1: -1- AC_CONFIG_FILES([src/TestCommons/Common.pre.rules:OpenSBE/config/Dir.pre.rules.in])
m4trace:src/TestCommons/dir.ac:2: -1- m4_pattern_allow([^checkcommons_deps$])
m4trace:src/TestCommons/dir.ac:2: -1- m4_pattern_allow([^checkcommons_post$])
m4trace:src/dir.ac:26: -1- m4_include([src/XMLUtility/dir.ac])
m4trace:src/XMLUtility/dir.ac:4: -1- AC_CONFIG_FILES([src/XMLUtility/Makefile])
m4trace:src/XMLUtility/dir.ac:4: -1- AC_CONFIG_FILES([src/XMLUtility/Common.pre.rules:OpenSBE/config/Dir.pre.rules.in])
m4trace:src/XMLUtility/dir.ac:5: -1- m4_pattern_allow([^xmlutility_deps$])
m4trace:src/XMLUtility/dir.ac:5: -1- m4_pattern_allow([^xmlutility_post$])
m4trace:src/dir.ac:27: -1- m4_include([src/xsd/dir.ac])
m4trace:src/xsd/dir.ac:1: -1- AC_CONFIG_FILES([src/xsd/Makefile])
m4trace:src/xsd/dir.ac:1: -1- AC_CONFIG_FILES([src/xsd/Common.pre.rules:OpenSBE/config/Dir.pre.rules.in])
m4trace:src/xsd/dir.ac:2: -1- m4_pattern_allow([^repositorydump_deps$])
m4trace:src/xsd/dir.ac:2: -1- m4_pattern_allow([^repositorydump_post$])
m4trace:src/xsd/dir.ac:2: -1- AC_CONFIG_FILES([src/xsd/RepositoryDump.mk])
m4trace:src/xsd/dir.ac:3: -1- m4_pattern_allow([^repositoryconfig_deps$])
m4trace:src/xsd/dir.ac:3: -1- m4_pattern_allow([^repositoryconfig_post$])
m4trace:src/xsd/dir.ac:3: -1- AC_CONFIG_FILES([src/xsd/RepositoryConfig.mk])
m4trace:dir.ac:7: -1- m4_include([tests/dir.ac])
m4trace:tests/dir.ac:4: -1- AC_CONFIG_FILES([tests/Makefile])
m4trace:tests/dir.ac:4: -1- AC_CONFIG_FILES([tests/Common.pre.rules:OpenSBE/config/Dir.pre.rules.in])
m4trace:tests/dir.ac:5: -1- m4_include([tests/Apache/dir.ac])
m4trace:tests/Apache/dir.ac:4: -1- AC_CONFIG_FILES([tests/Apache/Makefile])
m4trace:tests/Apache/dir.ac:4: -1- AC_CONFIG_FILES([tests/Apache/Common.pre.rules:OpenSBE/config/Dir.pre.rules.in])
m4trace:tests/Apache/dir.ac:5: -1- m4_include([tests/Apache/ProxyInjector/dir.ac])
m4trace:tests/Apache/ProxyInjector/dir.ac:4: -1- AC_CONFIG_FILES([tests/Apache/ProxyInjector/Makefile])
m4trace:tests/Apache/ProxyInjector/dir.ac:4: -1- AC_CONFIG_FILES([tests/Apache/ProxyInjector/Common.pre.rules:OpenSBE/config/Dir.pre.rules.in])
m4trace:tests/Apache/ProxyInjector/dir.ac:5: -1- m4_pattern_allow([^testproxyinjector_deps$])
m4trace:tests/Apache/ProxyInjector/dir.ac:5: -1- m4_pattern_allow([^testproxyinjector_post$])
m4trace:tests/Apache/dir.ac:6: -1- m4_include([tests/Apache/SampleModule/dir.ac])
m4trace:tests/Apache/SampleModule/dir.ac:4: -1- AC_CONFIG_FILES([tests/Apache/SampleModule/Makefile])
m4trace:tests/Apache/SampleModule/dir.ac:4: -1- AC_CONFIG_FILES([tests/Apache/SampleModule/Common.pre.rules:OpenSBE/config/Dir.pre.rules.in])
m4trace:tests/Apache/SampleModule/dir.ac:5: -1- m4_pattern_allow([^testsamplemodule_deps$])
m4trace:tests/Apache/SampleModule/dir.ac:5: -1- m4_pattern_allow([^testsamplemodule_post$])
m4trace:tests/Apache/dir.ac:7: -1- m4_include([tests/Apache/SlowdownFilter/dir.ac])
m4trace:tests/Apache/SlowdownFilter/dir.ac:4: -1- AC_CONFIG_FILES([tests/Apache/SlowdownFilter/Makefile])
m4trace:tests/Apache/SlowdownFilter/dir.ac:4: -1- AC_CONFIG_FILES([tests/Apache/SlowdownFilter/Common.pre.rules:OpenSBE/config/Dir.pre.rules.in])
m4trace:tests/Apache/SlowdownFilter/dir.ac:5: -1- m4_pattern_allow([^testslowdownfilter_deps$])
m4trace:tests/Apache/SlowdownFilter/dir.ac:5: -1- m4_pattern_allow([^testslowdownfilter_post$])
m4trace:tests/dir.ac:6: -1- m4_include([tests/CORBA/dir.ac])
m4trace:tests/CORBA/dir.ac:4: -1- AC_CONFIG_FILES([tests/CORBA/Makefile])
m4trace:tests/CORBA/dir.ac:4: -1- AC_CONFIG_FILES([tests/CORBA/Common.pre.rules:OpenSBE/config/Dir.pre.rules.in])
m4trace:tests/CORBA/dir.ac:5: -1- m4_include([tests/CORBA/CORBACommons/dir.ac])
m4trace:tests/CORBA/CORBACommons/dir.ac:4: -1- AC_CONFIG_FILES([tests/CORBA/CORBACommons/Makefile])
m4trace:tests/CORBA/CORBACommons/dir.ac:4: -1- AC_CONFIG_FILES([tests/CORBA/CORBACommons/Common.pre.rules:OpenSBE/config/Dir.pre.rules.in])
m4trace:tests/CORBA/CORBACommons/dir.ac:5: -1- m4_include([tests/CORBA/CORBACommons/CrashCall/dir.ac])
m4trace:tests/CORBA/CORBACommons/CrashCall/dir.ac:1: -1- AC_CONFIG_FILES([tests/CORBA/CORBACommons/CrashCall/Makefile])
m4trace:tests/CORBA/CORBACommons/CrashCall/dir.ac:1: -1- AC_CONFIG_FILES([tests/CORBA/CORBACommons/CrashCall/Common.pre.rules:OpenSBE/config/Dir.pre.rules.in])
m4trace:tests/CORBA/CORBACommons/CrashCall/dir.ac:2: -1- m4_include([tests/CORBA/CORBACommons/CrashCall/Client/dir.ac])
m4trace:tests/CORBA/CORBACommons/CrashCall/Client/dir.ac:1: -1- AC_CONFIG_FILES([tests/CORBA/CORBACommons/CrashCall/Client/Makefile])
m4trace:tests/CORBA/CORBACommons/CrashCall/Client/dir.ac:1: -1- AC_CONFIG_FILES([tests/CORBA/CORBACommons/CrashCall/Client/Common.pre.rules:OpenSBE/config/Dir.pre.rules.in])
m4trace:tests/CORBA/CORBACommons/CrashCall/Client/dir.ac:2: -1- m4_pattern_allow([^corbacrashcallclient_deps$])
m4trace:tests/CORBA/CORBACommons/CrashCall/Client/dir.ac:2: -1- m4_pattern_allow([^corbacrashcallclient_post$])
m4trace:tests/CORBA/CORBACommons/CrashCall/dir.ac:3: -1- m4_include([tests/CORBA/CORBACommons/CrashCall/Server/dir.ac])
m4trace:tests/CORBA/CORBACommons/CrashCall/Server/dir.ac:1: -1- AC_CONFIG_FILES([tests/CORBA/CORBACommons/CrashCall/Server/Makefile])
m4trace:tests/CORBA/CORBACommons/CrashCall/Server/dir.ac:1: -1- AC_CONFIG_FILES([tests/CORBA/CORBACommons/CrashCall/Server/Common.pre.rules:OpenSBE/config/Dir.pre.rules.in])
m4trace:tests/CORBA/CORBACommons/CrashCall/Server/dir.ac:2: -1- m4_pattern_allow([^corbacrashcallserver_deps$])
m4trace:tests/CORBA/CORBACommons/CrashCall/Server/dir.ac:2: -1- m4_pattern_allow([^corbacrashcallserver_post$])
m4trace:tests/CORBA/CORBACommons/CrashCall/Server/dir.ac:2: -1- AC_CONFIG_FILES([tests/CORBA/CORBACommons/CrashCall/Server/Server.mk])
m4trace:tests/CORBA/CORBACommons/CrashCall/Server/dir.ac:3: -1- m4_pattern_allow([^testcrashstubs_deps$])
m4trace:tests/CORBA/CORBACommons/CrashCall/Server/dir.ac:3: -1- m4_pattern_allow([^testcrashstubs_post$])
m4trace:tests/CORBA/CORBACommons/CrashCall/Server/dir.ac:3: -1- AC_CONFIG_FILES([tests/CORBA/CORBACommons/CrashCall/Server/TestCrashStubs.mk])
m4trace:tests/CORBA/CORBACommons/dir.ac:6: -1- m4_include([tests/CORBA/CORBACommons/InfResolve/dir.ac])
m4trace:tests/CORBA/CORBACommons/InfResolve/dir.ac:1: -1- AC_CONFIG_FILES([tests/CORBA/CORBACommons/InfResolve/Makefile])
m4trace:tests/CORBA/CORBACommons/InfResolve/dir.ac:1: -1- AC_CONFIG_FILES([tests/CORBA/CORBACommons/InfResolve/Common.pre.rules:OpenSBE/config/Dir.pre.rules.in])
m4trace:tests/CORBA/CORBACommons/InfResolve/dir.ac:2: -1- m4_include([tests/CORBA/CORBACommons/InfResolve/Client/dir.ac])
m4trace:tests/CORBA/CORBACommons/InfResolve/Client/dir.ac:1: -1- AC_CONFIG_FILES([tests/CORBA/CORBACommons/InfResolve/Client/Makefile])
m4trace:tests/CORBA/CORBACommons/InfResolve/Client/dir.ac:1: -1- AC_CONFIG_FILES([tests/CORBA/CORBACommons/InfResolve/Client/Common.pre.rules:OpenSBE/config/Dir.pre.rules.in])
m4trace:tests/CORBA/CORBACommons/InfResolve/Client/dir.ac:2: -1- m4_pattern_allow([^corbainfresolveclient_deps$])
m4trace:tests/CORBA/CORBACommons/InfResolve/Client/dir.ac:2: -1- m4_pattern_allow([^corbainfresolveclient_post$])
m4trace:tests/CORBA/CORBACommons/InfResolve/Client/dir.ac:2: -1- AC_CONFIG_FILES([tests/CORBA/CORBACommons/InfResolve/Client/Client.mk])
m4trace:tests/CORBA/CORBACommons/InfResolve/Client/dir.ac:3: -1- m4_pattern_allow([^infresolveclientstubs_deps$])
m4trace:tests/CORBA/CORBACommons/InfResolve/Client/dir.ac:3: -1- m4_pattern_allow([^infresolveclientstubs_post$])
m4trace:tests/CORBA/CORBACommons/InfResolve/Client/dir.ac:3: -1- AC_CONFIG_FILES([tests/CORBA/CORBACommons/InfResolve/Client/InfResolveClientStubs.mk])
m4trace:tests/CORBA/CORBACommons/InfResolve/dir.ac:3: -1- m4_include([tests/CORBA/CORBACommons/InfResolve/Server/dir.ac])
m4trace:tests/CORBA/CORBACommons/InfResolve/Server/dir.ac:1: -1- AC_CONFIG_FILES([tests/CORBA/CORBACommons/InfResolve/Server/Makefile])
m4trace:tests/CORBA/CORBACommons/InfResolve/Server/dir.ac:1: -1- AC_CONFIG_FILES([tests/CORBA/CORBACommons/InfResolve/Server/Common.pre.rules:OpenSBE/config/Dir.pre.rules.in])
m4trace:tests/CORBA/CORBACommons/InfResolve/Server/dir.ac:2: -1- m4_pattern_allow([^infresolvestubs_deps$])
m4trace:tests/CORBA/CORBACommons/InfResolve/Server/dir.ac:2: -1- m4_pattern_allow([^infresolvestubs_post$])
m4trace:tests/CORBA/CORBACommons/InfResolve/Server/dir.ac:2: -1- AC_CONFIG_FILES([tests/CORBA/CORBACommons/InfResolve/Server/InfResolveStubs.mk])
m4trace:tests/CORBA/CORBACommons/InfResolve/Server/dir.ac:3: -1- m4_pattern_allow([^corbainfresolveserver_deps$])
m4trace:tests/CORBA/CORBACommons/InfResolve/Server/dir.ac:3: -1- m4_pattern_allow([^corbainfresolveserver_post$])
m4trace:tests/CORBA/CORBACommons/InfResolve/Server/dir.ac:3: -1- AC_CONFIG_FILES([tests/CORBA/CORBACommons/InfResolve/Server/Server.mk])
m4trace:tests/CORBA/CORBACommons/dir.ac:7: -1- m4_include([tests/CORBA/CORBACommons/Init/dir.ac])
m4trace:tests/CORBA/CORBACommons/Init/dir.ac:1: -1- AC_CONFIG_FILES([tests/CORBA/CORBACommons/Init/Makefile])
m4trace:tests/CORBA/CORBACommons/Init/dir.ac:1: -1- AC_CONFIG_FILES([tests/CORBA/CORBACommons/Init/Common.pre.rules:OpenSBE/config/Dir.pre.rules.in])
m4trace:tests/CORBA/CORBACommons/Init/dir.ac:2: -1- m4_pattern_allow([^corbacombined_deps$])
m4trace:tests/CORBA/CORBACommons/Init/dir.ac:2: -1- m4_pattern_allow([^corbacombined_post$])
m4trace:tests/CORBA/CORBACommons/dir.ac:8: -1- m4_include([tests/CORBA/CORBACommons/Memory/dir.ac])
m4trace:tests/CORBA/CORBACommons/Memory/dir.ac:1: -1- AC_CONFIG_FILES([tests/CORBA/CORBACommons/Memory/Makefile])
m4trace:tests/CORBA/CORBACommons/Memory/dir.ac:1: -1- AC_CONFIG_FILES([tests/CORBA/CORBACommons/Memory/Common.pre.rules:OpenSBE/config/Dir.pre.rules.in])
m4trace:tests/CORBA/CORBACommons/Memory/dir.ac:2: -1- m4_pattern_allow([^corbamemoryclient_deps$])
m4trace:tests/CORBA/CORBACommons/Memory/dir.ac:2: -1- m4_pattern_allow([^corbamemoryclient_post$])
m4trace:tests/CORBA/CORBACommons/dir.ac:9: -1- m4_include([tests/CORBA/CORBACommons/ObjectPool/dir.ac])
m4trace:tests/CORBA/CORBACommons/ObjectPool/dir.ac:1: -1- AC_CONFIG_FILES([tests/CORBA/CORBACommons/ObjectPool/Makefile])
m4trace:tests/CORBA/CORBACommons/ObjectPool/dir.ac:1: -1- AC_CONFIG_FILES([tests/CORBA/CORBACommons/ObjectPool/Common.pre.rules:OpenSBE/config/Dir.pre.rules.in])
m4trace:tests/CORBA/CORBACommons/ObjectPool/dir.ac:2: -1- m4_include([tests/CORBA/CORBACommons/ObjectPool/Client/dir.ac])
m4trace:tests/CORBA/CORBACommons/ObjectPool/Client/dir.ac:1: -1- AC_CONFIG_FILES([tests/CORBA/CORBACommons/ObjectPool/Client/Makefile])
m4trace:tests/CORBA/CORBACommons/ObjectPool/Client/dir.ac:1: -1- AC_CONFIG_FILES([tests/CORBA/CORBACommons/ObjectPool/Client/Common.pre.rules:OpenSBE/config/Dir.pre.rules.in])
m4trace:tests/CORBA/CORBACommons/ObjectPool/Client/dir.ac:2: -1- m4_pattern_allow([^corbaobjectpoolclient_deps$])
m4trace:tests/CORBA/CORBACommons/ObjectPool/Client/dir.ac:2: -1- m4_pattern_allow([^corbaobjectpoolclient_post$])
m4trace:tests/CORBA/CORBACommons/ObjectPool/dir.ac:3: -1- m4_include([tests/CORBA/CORBACommons/ObjectPool/Int/dir.ac])
m4trace:tests/CORBA/CORBACommons/ObjectPool/Int/dir.ac:1: -1- AC_CONFIG_FILES([tests/CORBA/CORBACommons/ObjectPool/Int/Makefile])
m4trace:tests/CORBA/CORBACommons/ObjectPool/Int/dir.ac:1: -1- AC_CONFIG_FILES([tests/CORBA/CORBACommons/ObjectPool/Int/Common.pre.rules:OpenSBE/config/Dir.pre.rules.in])
m4trace:tests/CORBA/CORBACommons/ObjectPool/Int/dir.ac:2: -1- m4_pattern_allow([^corbaobjectpoolint_deps$])
m4trace:tests/CORBA/CORBACommons/ObjectPool/Int/dir.ac:2: -1- m4_pattern_allow([^corbaobjectpoolint_post$])
m4trace:tests/CORBA/CORBACommons/ObjectPool/dir.ac:4: -1- m4_include([tests/CORBA/CORBACommons/ObjectPool/Server/dir.ac])
m4trace:tests/CORBA/CORBACommons/ObjectPool/Server/dir.ac:1: -1- AC_CONFIG_FILES([tests/CORBA/CORBACommons/ObjectPool/Server/Makefile])
m4trace:tests/CORBA/CORBACommons/ObjectPool/Server/dir.ac:1: -1- AC_CONFIG_FILES([tests/CORBA/CORBACommons/ObjectPool/Server/Common.pre.rules:OpenSBE/config/Dir.pre.rules.in])
m4trace:tests/CORBA/CORBACommons/ObjectPool/Server/dir.ac:2: -1- m4_pattern_allow([^corbaobjectpoolserver_deps$])
m4trace:tests/CORBA/CORBACommons/ObjectPool/Server/dir.ac:2: -1- m4_pattern_allow([^corbaobjectpoolserver_post$])
m4trace:tests/CORBA/CORBACommons/ObjectPool/Server/dir.ac:2: -1- AC_CONFIG_FILES([tests/CORBA/CORBACommons/ObjectPool/Server/Server.mk])
m4trace:tests/CORBA/CORBACommons/ObjectPool/Server/dir.ac:3: -1- m4_pattern_allow([^simplestubs_deps$])
m4trace:tests/CORBA/CORBACommons/ObjectPool/Server/dir.ac:3: -1- m4_pattern_allow([^simplestubs_post$])
m4trace:tests/CORBA/CORBACommons/ObjectPool/Server/dir.ac:3: -1- AC_CONFIG_FILES([tests/CORBA/CORBACommons/ObjectPool/Server/SimpleStubs.mk])
m4trace:tests/CORBA/CORBACommons/dir.ac:10: -1- m4_include([tests/CORBA/CORBACommons/Overload/dir.ac])
m4trace:tests/CORBA/CORBACommons/Overload/dir.ac:1: -1- AC_CONFIG_FILES([tests/CORBA/CORBACommons/Overload/Makefile])
m4trace:tests/CORBA/CORBACommons/Overload/dir.ac:1: -1- AC_CONFIG_FILES([tests/CORBA/CORBACommons/Overload/Common.pre.rules:OpenSBE/config/Dir.pre.rules.in])
m4trace:tests/CORBA/CORBACommons/Overload/dir.ac:2: -1- m4_include([tests/CORBA/CORBACommons/Overload/Client/dir.ac])
m4trace:tests/CORBA/CORBACommons/Overload/Client/dir.ac:1: -1- AC_CONFIG_FILES([tests/CORBA/CORBACommons/Overload/Client/Makefile])
m4trace:tests/CORBA/CORBACommons/Overload/Client/dir.ac:1: -1- AC_CONFIG_FILES([tests/CORBA/CORBACommons/Overload/Client/Common.pre.rules:OpenSBE/config/Dir.pre.rules.in])
m4trace:tests/CORBA/CORBACommons/Overload/Client/dir.ac:2: -1- m4_pattern_allow([^corbaoverloadclient_deps$])
m4trace:tests/CORBA/CORBACommons/Overload/Client/dir.ac:2: -1- m4_pattern_allow([^corbaoverloadclient_post$])
m4trace:tests/CORBA/CORBACommons/Overload/dir.ac:3: -1- m4_include([tests/CORBA/CORBACommons/Overload/Server/dir.ac])
m4trace:tests/CORBA/CORBACommons/Overload/Server/dir.ac:1: -1- AC_CONFIG_FILES([tests/CORBA/CORBACommons/Overload/Server/Makefile])
m4trace:tests/CORBA/CORBACommons/Overload/Server/dir.ac:1: -1- AC_CONFIG_FILES([tests/CORBA/CORBACommons/Overload/Server/Common.pre.rules:OpenSBE/config/Dir.pre.rules.in])
m4trace:tests/CORBA/CORBACommons/Overload/Server/dir.ac:2: -1- m4_pattern_allow([^corbaoverloadserver_deps$])
m4trace:tests/CORBA/CORBACommons/Overload/Server/dir.ac:2: -1- m4_pattern_allow([^corbaoverloadserver_post$])
m4trace:tests/CORBA/CORBACommons/Overload/Server/dir.ac:2: -1- AC_CONFIG_FILES([tests/CORBA/CORBACommons/Overload/Server/Server.mk])
m4trace:tests/CORBA/CORBACommons/Overload/Server/dir.ac:3: -1- m4_pattern_allow([^testintstubs_deps$])
m4trace:tests/CORBA/CORBACommons/Overload/Server/dir.ac:3: -1- m4_pattern_allow([^testintstubs_post$])
m4trace:tests/CORBA/CORBACommons/Overload/Server/dir.ac:3: -1- AC_CONFIG_FILES([tests/CORBA/CORBACommons/Overload/Server/TestIntStubs.mk])
m4trace:tests/CORBA/CORBACommons/dir.ac:11: -1- m4_include([tests/CORBA/CORBACommons/ProcessControl/dir.ac])
m4trace:tests/CORBA/CORBACommons/ProcessControl/dir.ac:4: -1- AC_CONFIG_FILES([tests/CORBA/CORBACommons/ProcessControl/Makefile])
m4trace:tests/CORBA/CORBACommons/ProcessControl/dir.ac:4: -1- AC_CONFIG_FILES([tests/CORBA/CORBACommons/ProcessControl/Common.pre.rules:OpenSBE/config/Dir.pre.rules.in])
m4trace:tests/CORBA/CORBACommons/ProcessControl/dir.ac:5: -1- m4_pattern_allow([^testprocesscontrol_deps$])
m4trace:tests/CORBA/CORBACommons/ProcessControl/dir.ac:5: -1- m4_pattern_allow([^testprocesscontrol_post$])
m4trace:tests/CORBA/CORBACommons/dir.ac:12: -1- m4_include([tests/CORBA/CORBACommons/SameProcess/dir.ac])
m4trace:tests/CORBA/CORBACommons/SameProcess/dir.ac:1: -1- AC_CONFIG_FILES([tests/CORBA/CORBACommons/SameProcess/Makefile])
m4trace:tests/CORBA/CORBACommons/SameProcess/dir.ac:1: -1- AC_CONFIG_FILES([tests/CORBA/CORBACommons/SameProcess/Common.pre.rules:OpenSBE/config/Dir.pre.rules.in])
m4trace:tests/CORBA/CORBACommons/SameProcess/dir.ac:2: -1- m4_pattern_allow([^corbasameprocess_deps$])
m4trace:tests/CORBA/CORBACommons/SameProcess/dir.ac:2: -1- m4_pattern_allow([^corbasameprocess_post$])
m4trace:tests/CORBA/CORBACommons/dir.ac:13: -1- m4_include([tests/CORBA/CORBACommons/Stats/dir.ac])
m4trace:tests/CORBA/CORBACommons/Stats/dir.ac:1: -1- AC_CONFIG_FILES([tests/CORBA/CORBACommons/Stats/Makefile])
m4trace:tests/CORBA/CORBACommons/Stats/dir.ac:1: -1- AC_CONFIG_FILES([tests/CORBA/CORBACommons/Stats/Common.pre.rules:OpenSBE/config/Dir.pre.rules.in])
m4trace:tests/CORBA/CORBACommons/Stats/dir.ac:2: -1- m4_pattern_allow([^teststats_deps$])
m4trace:tests/CORBA/CORBACommons/Stats/dir.ac:2: -1- m4_pattern_allow([^teststats_post$])
m4trace:tests/CORBA/CORBACommons/dir.ac:14: -1- m4_include([tests/CORBA/CORBACommons/Timeout/dir.ac])
m4trace:tests/CORBA/CORBACommons/Timeout/dir.ac:1: -1- AC_CONFIG_FILES([tests/CORBA/CORBACommons/Timeout/Makefile])
m4trace:tests/CORBA/CORBACommons/Timeout/dir.ac:1: -1- AC_CONFIG_FILES([tests/CORBA/CORBACommons/Timeout/Common.pre.rules:OpenSBE/config/Dir.pre.rules.in])
m4trace:tests/dir.ac:7: -1- m4_include([tests/Generics/dir.ac])
m4trace:tests/Generics/dir.ac:4: -1- AC_CONFIG_FILES([tests/Generics/Makefile])
m4trace:tests/Generics/dir.ac:4: -1- AC_CONFIG_FILES([tests/Generics/Common.pre.rules:OpenSBE/config/Dir.pre.rules.in])
m4trace:tests/Generics/dir.ac:5: -1- m4_include([tests/Generics/Allocator/dir.ac])
m4trace:tests/Generics/Allocator/dir.ac:1: -1- AC_CONFIG_FILES([tests/Generics/Allocator/Makefile])
m4trace:tests/Generics/Allocator/dir.ac:1: -1- AC_CONFIG_FILES([tests/Generics/Allocator/Common.pre.rules:OpenSBE/config/Dir.pre.rules.in])
m4trace:tests/Generics/Allocator/dir.ac:2: -1- m4_pattern_allow([^allocator_deps$])
m4trace:tests/Generics/Allocator/dir.ac:2: -1- m4_pattern_allow([^allocator_post$])
m4trace:tests/Generics/dir.ac:6: -1- m4_include([tests/Generics/AllocatorsTest/dir.ac])
m4trace:tests/Generics/AllocatorsTest/dir.ac:1: -1- AC_CONFIG_FILES([tests/Generics/AllocatorsTest/Makefile])
m4trace:tests/Generics/AllocatorsTest/dir.ac:1: -1- AC_CONFIG_FILES([tests/Generics/AllocatorsTest/Common.pre.rules:OpenSBE/config/Dir.pre.rules.in])
m4trace:tests/Generics/AllocatorsTest/dir.ac:2: -1- m4_pattern_allow([^allocatorstest_deps$])
m4trace:tests/Generics/AllocatorsTest/dir.ac:2: -1- m4_pattern_allow([^allocatorstest_post$])
m4trace:tests/Generics/dir.ac:7: -1- m4_include([tests/Generics/AppUtils/dir.ac])
m4trace:tests/Generics/AppUtils/dir.ac:1: -1- AC_CONFIG_FILES([tests/Generics/AppUtils/Makefile])
m4trace:tests/Generics/AppUtils/dir.ac:1: -1- AC_CONFIG_FILES([tests/Generics/AppUtils/Common.pre.rules:OpenSBE/config/Dir.pre.rules.in])
m4trace:tests/Generics/AppUtils/dir.ac:2: -1- m4_pattern_allow([^testapputils_deps$])
m4trace:tests/Generics/AppUtils/dir.ac:2: -1- m4_pattern_allow([^testapputils_post$])
m4trace:tests/Generics/dir.ac:8: -1- m4_include([tests/Generics/BitAlgs/dir.ac])
m4trace:tests/Generics/BitAlgs/dir.ac:1: -1- AC_CONFIG_FILES([tests/Generics/BitAlgs/Makefile])
m4trace:tests/Generics/BitAlgs/dir.ac:1: -1- AC_CONFIG_FILES([tests/Generics/BitAlgs/Common.pre.rules:OpenSBE/config/Dir.pre.rules.in])
m4trace:tests/Generics/BitAlgs/dir.ac:2: -1- m4_pattern_allow([^testbitalgs_deps$])
m4trace:tests/Generics/BitAlgs/dir.ac:2: -1- m4_pattern_allow([^testbitalgs_post$])
m4trace:tests/Generics/dir.ac:9: -1- m4_include([tests/Generics/BoundedMap/dir.ac])
m4trace:tests/Generics/BoundedMap/dir.ac:1: -1- AC_CONFIG_FILES([tests/Generics/BoundedMap/Makefile])
m4trace:tests/Generics/BoundedMap/dir.ac:1: -1- AC_CONFIG_FILES([tests/Generics/BoundedMap/Common.pre.rules:OpenSBE/config/Dir.pre.rules.in])
m4trace:tests/Generics/BoundedMap/dir.ac:2: -1- m4_pattern_allow([^testboundmap_deps$])
m4trace:tests/Generics/BoundedMap/dir.ac:2: -1- m4_pattern_allow([^testboundmap_post$])
m4trace:tests/Generics/dir.ac:10: -1- m4_include([tests/Generics/CRC/dir.ac])
m4trace:tests/Generics/CRC/dir.ac:4: -1- AC_CONFIG_FILES([tests/Generics/CRC/Makefile])
m4trace:tests/Generics/CRC/dir.ac:4: -1- AC_CONFIG_FILES([tests/Generics/CRC/Common.pre.rules:OpenSBE/config/Dir.pre.rules.in])
m4trace:tests/Generics/CRC/dir.ac:5: -1- m4_pattern_allow([^testcrc_deps$])
m4trace:tests/Generics/CRC/dir.ac:5: -1- m4_pattern_allow([^testcrc_post$])
m4trace:tests/Generics/dir.ac:11: -1- m4_include([tests/Generics/CompositeActiveObject/dir.ac])
m4trace:tests/Generics/CompositeActiveObject/dir.ac:1: -1- AC_CONFIG_FILES([tests/Generics/CompositeActiveObject/Makefile])
m4trace:tests/Generics/CompositeActiveObject/dir.ac:1: -1- AC_CONFIG_FILES([tests/Generics/CompositeActiveObject/Common.pre.rules:OpenSBE/config/Dir.pre.rules.in])
m4trace:tests/Generics/CompositeActiveObject/dir.ac:2: -1- m4_pattern_allow([^testcompositeactiveobject_deps$])
m4trace:tests/Generics/CompositeActiveObject/dir.ac:2: -1- m4_pattern_allow([^testcompositeactiveobject_post$])
m4trace:tests/Generics/dir.ac:12: -1- m4_include([tests/Generics/CompressedSet/dir.ac])
m4trace:tests/Generics/CompressedSet/dir.ac:1: -1- AC_CONFIG_FILES([tests/Generics/CompressedSet/Makefile])
m4trace:tests/Generics/CompressedSet/dir.ac:1: -1- AC_CONFIG_FILES([tests/Generics/CompressedSet/Common.pre.rules:OpenSBE/config/Dir.pre.rules.in])
m4trace:tests/Generics/CompressedSet/dir.ac:2: -1- m4_pattern_allow([^testcompressedset_deps$])
m4trace:tests/Generics/CompressedSet/dir.ac:2: -1- m4_pattern_allow([^testcompressedset_post$])
m4trace:tests/Generics/dir.ac:13: -1- m4_include([tests/Generics/CountryCodeManip/dir.ac])
m4trace:tests/Generics/CountryCodeManip/dir.ac:1: -1- AC_CONFIG_FILES([tests/Generics/CountryCodeManip/Makefile])
m4trace:tests/Generics/CountryCodeManip/dir.ac:1: -1- AC_CONFIG_FILES([tests/Generics/CountryCodeManip/Common.pre.rules:OpenSBE/config/Dir.pre.rules.in])
m4trace:tests/Generics/CountryCodeManip/dir.ac:2: -1- m4_pattern_allow([^testcountrycodemanip_deps$])
m4trace:tests/Generics/CountryCodeManip/dir.ac:2: -1- m4_pattern_allow([^testcountrycodemanip_post$])
m4trace:tests/Generics/dir.ac:14: -1- m4_include([tests/Generics/Decimal/dir.ac])
m4trace:tests/Generics/Decimal/dir.ac:1: -1- AC_CONFIG_FILES([tests/Generics/Decimal/Makefile])
m4trace:tests/Generics/Decimal/dir.ac:1: -1- AC_CONFIG_FILES([tests/Generics/Decimal/Common.pre.rules:OpenSBE/config/Dir.pre.rules.in])
m4trace:tests/Generics/Decimal/dir.ac:2: -1- m4_pattern_allow([^testdecimal_deps$])
m4trace:tests/Generics/Decimal/dir.ac:2: -1- m4_pattern_allow([^testdecimal_post$])
m4trace:tests/Generics/dir.ac:15: -1- m4_include([tests/Generics/Hash/dir.ac])
m4trace:tests/Generics/Hash/dir.ac:1: -1- AC_CONFIG_FILES([tests/Generics/Hash/Makefile])
m4trace:tests/Generics/Hash/dir.ac:1: -1- AC_CONFIG_FILES([tests/Generics/Hash/Common.pre.rules:OpenSBE/config/Dir.pre.rules.in])
m4trace:tests/Generics/Hash/dir.ac:2: -1- m4_pattern_allow([^testhasher_deps$])
m4trace:tests/Generics/Hash/dir.ac:2: -1- m4_pattern_allow([^testhasher_post$])
m4trace:tests/Generics/dir.ac:16: -1- m4_include([tests/Generics/HashTable/dir.ac])
m4trace:tests/Generics/HashTable/dir.ac:4: -1- AC_CONFIG_FILES([tests/Generics/HashTable/Makefile])
m4trace:tests/Generics/HashTable/dir.ac:4: -1- AC_CONFIG_FILES([tests/Generics/HashTable/Common.pre.rules:OpenSBE/config/Dir.pre.rules.in])
m4trace:tests/Generics/HashTable/dir.ac:5: -1- m4_pattern_allow([^testhashtable_deps$])
m4trace:tests/Generics/HashTable/dir.ac:5: -1- m4_pattern_allow([^testhashtable_post$])
m4trace:tests/Generics/dir.ac:17: -1- m4_include([tests/Generics/LastPtr/dir.ac])
m4trace:tests/Generics/LastPtr/dir.ac:1: -1- AC_CONFIG_FILES([tests/Generics/LastPtr/Makefile])
m4trace:tests/Generics/LastPtr/dir.ac:1: -1- AC_CONFIG_FILES([tests/Generics/LastPtr/Common.pre.rules:OpenSBE/config/Dir.pre.rules.in])
m4trace:tests/Generics/LastPtr/dir.ac:2: -1- m4_pattern_allow([^testlastptr_deps$])
m4trace:tests/Generics/LastPtr/dir.ac:2: -1- m4_pattern_allow([^testlastptr_post$])
m4trace:tests/Generics/dir.ac:18: -1- m4_include([tests/Generics/Listener/dir.ac])
m4trace:tests/Generics/Listener/dir.ac:1: -1- AC_CONFIG_FILES([tests/Generics/Listener/Makefile])
m4trace:tests/Generics/Listener/dir.ac:1: -1- AC_CONFIG_FILES([tests/Generics/Listener/Common.pre.rules:OpenSBE/config/Dir.pre.rules.in])
m4trace:tests/Generics/Listener/dir.ac:2: -1- m4_pattern_allow([^testlistener_deps$])
m4trace:tests/Generics/Listener/dir.ac:2: -1- m4_pattern_allow([^testlistener_post$])
m4trace:tests/Generics/dir.ac:19: -1- m4_include([tests/Generics/LocalInterfaces/dir.ac])
m4trace:tests/Generics/LocalInterfaces/dir.ac:1: -1- AC_CONFIG_FILES([tests/Generics/LocalInterfaces/Makefile])
m4trace:tests/Generics/LocalInterfaces/dir.ac:1: -1- AC_CONFIG_FILES([tests/Generics/LocalInterfaces/Common.pre.rules:OpenSBE/config/Dir.pre.rules.in])
m4trace:tests/Generics/LocalInterfaces/dir.ac:2: -1- m4_pattern_allow([^testlocalinterface_deps$])
m4trace:tests/Generics/LocalInterfaces/dir.ac:2: -1- m4_pattern_allow([^testlocalinterface_post$])
m4trace:tests/Generics/dir.ac:20: -1- m4_include([tests/Generics/MemBuf/dir.ac])
m4trace:tests/Generics/MemBuf/dir.ac:1: -1- AC_CONFIG_FILES([tests/Generics/MemBuf/Makefile])
m4trace:tests/Generics/MemBuf/dir.ac:1: -1- AC_CONFIG_FILES([tests/Generics/MemBuf/Common.pre.rules:OpenSBE/config/Dir.pre.rules.in])
m4trace:tests/Generics/MemBuf/dir.ac:2: -1- m4_pattern_allow([^testmembuf_deps$])
m4trace:tests/Generics/MemBuf/dir.ac:2: -1- m4_pattern_allow([^testmembuf_post$])
m4trace:tests/Generics/dir.ac:21: -1- m4_include([tests/Generics/MTTester/dir.ac])
m4trace:tests/Generics/MTTester/dir.ac:1: -1- AC_CONFIG_FILES([tests/Generics/MTTester/Makefile])
m4trace:tests/Generics/MTTester/dir.ac:1: -1- AC_CONFIG_FILES([tests/Generics/MTTester/Common.pre.rules:OpenSBE/config/Dir.pre.rules.in])
m4trace:tests/Generics/MTTester/dir.ac:2: -1- m4_pattern_allow([^mttester_deps$])
m4trace:tests/Generics/MTTester/dir.ac:2: -1- m4_pattern_allow([^mttester_post$])
m4trace:tests/Generics/dir.ac:22: -1- m4_include([tests/Generics/Periodic/dir.ac])
m4trace:tests/Generics/Periodic/dir.ac:1: -1- AC_CONFIG_FILES([tests/Generics/Periodic/Makefile])
m4trace:tests/Generics/Periodic/dir.ac:1: -1- AC_CONFIG_FILES([tests/Generics/Periodic/Common.pre.rules:OpenSBE/config/Dir.pre.rules.in])
m4trace:tests/Generics/Periodic/dir.ac:2: -1- m4_pattern_allow([^testperiodic_deps$])
m4trace:tests/Generics/Periodic/dir.ac:2: -1- m4_pattern_allow([^testperiodic_post$])
m4trace:tests/Generics/dir.ac:23: -1- m4_include([tests/Generics/Planner/dir.ac])
m4trace:tests/Generics/Planner/dir.ac:1: -1- AC_CONFIG_FILES([tests/Generics/Planner/Makefile])
m4trace:tests/Generics/Planner/dir.ac:1: -1- AC_CONFIG_FILES([tests/Generics/Planner/Common.pre.rules:OpenSBE/config/Dir.pre.rules.in])
m4trace:tests/Generics/Planner/dir.ac:2: -1- m4_pattern_allow([^plannertest_deps$])
m4trace:tests/Generics/Planner/dir.ac:2: -1- m4_pattern_allow([^plannertest_post$])
m4trace:tests/Generics/dir.ac:24: -1- m4_include([tests/Generics/RandTest/dir.ac])
m4trace:tests/Generics/RandTest/dir.ac:1: -1- AC_CONFIG_FILES([tests/Generics/RandTest/Makefile])
m4trace:tests/Generics/RandTest/dir.ac:1: -1- AC_CONFIG_FILES([tests/Generics/RandTest/Common.pre.rules:OpenSBE/config/Dir.pre.rules.in])
m4trace:tests/Generics/RandTest/dir.ac:2: -1- m4_pattern_allow([^randtest_deps$])
m4trace:tests/Generics/RandTest/dir.ac:2: -1- m4_pattern_allow([^randtest_post$])
m4trace:tests/Generics/dir.ac:25: -1- m4_include([tests/Generics/Reflection/dir.ac])
m4trace:tests/Generics/Reflection/dir.ac:1: -1- AC_CONFIG_FILES([tests/Generics/Reflection/Makefile])
m4trace:tests/Generics/Reflection/dir.ac:1: -1- AC_CONFIG_FILES([tests/Generics/Reflection/Common.pre.rules:OpenSBE/config/Dir.pre.rules.in])
m4trace:tests/Generics/Reflection/dir.ac:2: -1- m4_pattern_allow([^testreflection_deps$])
m4trace:tests/Generics/Reflection/dir.ac:2: -1- m4_pattern_allow([^testreflection_post$])
m4trace:tests/Generics/dir.ac:26: -1- m4_include([tests/Generics/Scheduler/dir.ac])
m4trace:tests/Generics/Scheduler/dir.ac:4: -1- AC_CONFIG_FILES([tests/Generics/Scheduler/Makefile])
m4trace:tests/Generics/Scheduler/dir.ac:4: -1- AC_CONFIG_FILES([tests/Generics/Scheduler/Common.pre.rules:OpenSBE/config/Dir.pre.rules.in])
m4trace:tests/Generics/Scheduler/dir.ac:5: -1- m4_pattern_allow([^testscheduler_deps$])
m4trace:tests/Generics/Scheduler/dir.ac:5: -1- m4_pattern_allow([^testscheduler_post$])
m4trace:tests/Generics/dir.ac:27: -1- m4_include([tests/Generics/Scheduler2/dir.ac])
m4trace:tests/Generics/Scheduler2/dir.ac:1: -1- AC_CONFIG_FILES([tests/Generics/Scheduler2/Makefile])
m4trace:tests/Generics/Scheduler2/dir.ac:1: -1- AC_CONFIG_FILES([tests/Generics/Scheduler2/Common.pre.rules:OpenSBE/config/Dir.pre.rules.in])
m4trace:tests/Generics/Scheduler2/dir.ac:2: -1- m4_pattern_allow([^testscheduler2_deps$])
m4trace:tests/Generics/Scheduler2/dir.ac:2: -1- m4_pattern_allow([^testscheduler2_post$])
m4trace:tests/Generics/dir.ac:28: -1- m4_include([tests/Generics/SmartPtr/dir.ac])
m4trace:tests/Generics/SmartPtr/dir.ac:1: -1- AC_CONFIG_FILES([tests/Generics/SmartPtr/Makefile])
m4trace:tests/Generics/SmartPtr/dir.ac:1: -1- AC_CONFIG_FILES([tests/Generics/SmartPtr/Common.pre.rules:OpenSBE/config/Dir.pre.rules.in])
m4trace:tests/Generics/SmartPtr/dir.ac:2: -1- m4_pattern_allow([^testsmartptr_deps$])
m4trace:tests/Generics/SmartPtr/dir.ac:2: -1- m4_pattern_allow([^testsmartptr_post$])
m4trace:tests/Generics/dir.ac:29: -1- m4_include([tests/Generics/Singleton/dir.ac])
m4trace:tests/Generics/Singleton/dir.ac:1: -1- AC_CONFIG_FILES([tests/Generics/Singleton/Makefile])
m4trace:tests/Generics/Singleton/dir.ac:1: -1- AC_CONFIG_FILES([tests/Generics/Singleton/Common.pre.rules:OpenSBE/config/Dir.pre.rules.in])
m4trace:tests/Generics/Singleton/dir.ac:2: -1- m4_pattern_allow([^singleton_deps$])
m4trace:tests/Generics/Singleton/dir.ac:2: -1- m4_pattern_allow([^singleton_post$])
m4trace:tests/Generics/dir.ac:30: -1- m4_include([tests/Generics/TAlloc/dir.ac])
m4trace:tests/Generics/TAlloc/dir.ac:1: -1- AC_CONFIG_FILES([tests/Generics/TAlloc/Makefile])
m4trace:tests/Generics/TAlloc/dir.ac:1: -1- AC_CONFIG_FILES([tests/Generics/TAlloc/Common.pre.rules:OpenSBE/config/Dir.pre.rules.in])
m4trace:tests/Generics/TAlloc/dir.ac:2: -1- m4_pattern_allow([^talloc_deps$])
m4trace:tests/Generics/TAlloc/dir.ac:2: -1- m4_pattern_allow([^talloc_post$])
m4trace:tests/Generics/dir.ac:31: -1- m4_include([tests/Generics/TaskRunner/dir.ac])
m4trace:tests/Generics/TaskRunner/dir.ac:1: -1- AC_CONFIG_FILES([tests/Generics/TaskRunner/Makefile])
m4trace:tests/Generics/TaskRunner/dir.ac:1: -1- AC_CONFIG_FILES([tests/Generics/TaskRunner/Common.pre.rules:OpenSBE/config/Dir.pre.rules.in])
m4trace:tests/Generics/TaskRunner/dir.ac:2: -1- m4_pattern_allow([^testtaskrunner_deps$])
m4trace:tests/Generics/TaskRunner/dir.ac:2: -1- m4_pattern_allow([^testtaskrunner_post$])
m4trace:tests/Generics/dir.ac:32: -1- m4_include([tests/Generics/TaskRunnerQueue/dir.ac])
m4trace:tests/Generics/TaskRunnerQueue/dir.ac:4: -1- AC_CONFIG_FILES([tests/Generics/TaskRunnerQueue/Makefile])
m4trace:tests/Generics/TaskRunnerQueue/dir.ac:4: -1- AC_CONFIG_FILES([tests/Generics/TaskRunnerQueue/Common.pre.rules:OpenSBE/config/Dir.pre.rules.in])
m4trace:tests/Generics/TaskRunnerQueue/dir.ac:5: -1- m4_pattern_allow([^testtaskrunnerqueue_deps$])
m4trace:tests/Generics/TaskRunnerQueue/dir.ac:5: -1- m4_pattern_allow([^testtaskrunnerqueue_post$])
m4trace:tests/Generics/dir.ac:33: -1- m4_include([tests/Generics/TaskRunnerSlowCoach/dir.ac])
m4trace:tests/Generics/TaskRunnerSlowCoach/dir.ac:1: -1- AC_CONFIG_FILES([tests/Generics/TaskRunnerSlowCoach/Makefile])
m4trace:tests/Generics/TaskRunnerSlowCoach/dir.ac:1: -1- AC_CONFIG_FILES([tests/Generics/TaskRunnerSlowCoach/Common.pre.rules:OpenSBE/config/Dir.pre.rules.in])
m4trace:tests/Generics/TaskRunnerSlowCoach/dir.ac:2: -1- m4_pattern_allow([^testtaskrunnerslowcoach_deps$])
m4trace:tests/Generics/TaskRunnerSlowCoach/dir.ac:2: -1- m4_pattern_allow([^testtaskrunnerslowcoach_post$])
m4trace:tests/Generics/dir.ac:34: -1- m4_include([tests/Generics/TaskRunnerThreads/dir.ac])
m4trace:tests/Generics/TaskRunnerThreads/dir.ac:1: -1- AC_CONFIG_FILES([tests/Generics/TaskRunnerThreads/Makefile])
m4trace:tests/Generics/TaskRunnerThreads/dir.ac:1: -1- AC_CONFIG_FILES([tests/Generics/TaskRunnerThreads/Common.pre.rules:OpenSBE/config/Dir.pre.rules.in])
m4trace:tests/Generics/TaskRunnerThreads/dir.ac:2: -1- m4_pattern_allow([^testtaskrunnerthreads_deps$])
m4trace:tests/Generics/TaskRunnerThreads/dir.ac:2: -1- m4_pattern_allow([^testtaskrunnerthreads_post$])
m4trace:tests/Generics/dir.ac:35: -1- m4_include([tests/Generics/TaskRunnerPerf/dir.ac])
m4trace:tests/Generics/TaskRunnerPerf/dir.ac:1: -1- AC_CONFIG_FILES([tests/Generics/TaskRunnerPerf/Makefile])
m4trace:tests/Generics/TaskRunnerPerf/dir.ac:1: -1- AC_CONFIG_FILES([tests/Generics/TaskRunnerPerf/Common.pre.rules:OpenSBE/config/Dir.pre.rules.in])
m4trace:tests/Generics/TaskRunnerPerf/dir.ac:2: -1- m4_pattern_allow([^testtaskrunnerperf_deps$])
m4trace:tests/Generics/TaskRunnerPerf/dir.ac:2: -1- m4_pattern_allow([^testtaskrunnerperf_post$])
m4trace:tests/Generics/dir.ac:36: -1- m4_include([tests/Generics/TimeManipsTest/dir.ac])
m4trace:tests/Generics/TimeManipsTest/dir.ac:1: -1- AC_CONFIG_FILES([tests/Generics/TimeManipsTest/Makefile])
m4trace:tests/Generics/TimeManipsTest/dir.ac:1: -1- AC_CONFIG_FILES([tests/Generics/TimeManipsTest/Common.pre.rules:OpenSBE/config/Dir.pre.rules.in])
m4trace:tests/Generics/TimeManipsTest/dir.ac:2: -1- m4_pattern_allow([^testtimemanips_deps$])
m4trace:tests/Generics/TimeManipsTest/dir.ac:2: -1- m4_pattern_allow([^testtimemanips_post$])
m4trace:tests/Generics/dir.ac:37: -1- m4_include([tests/Generics/Uuid/dir.ac])
m4trace:tests/Generics/Uuid/dir.ac:1: -1- AC_CONFIG_FILES([tests/Generics/Uuid/Makefile])
m4trace:tests/Generics/Uuid/dir.ac:1: -1- AC_CONFIG_FILES([tests/Generics/Uuid/Common.pre.rules:OpenSBE/config/Dir.pre.rules.in])
m4trace:tests/Generics/Uuid/dir.ac:2: -1- m4_pattern_allow([^testuuid_deps$])
m4trace:tests/Generics/Uuid/dir.ac:2: -1- m4_pattern_allow([^testuuid_post$])
m4trace:tests/dir.ac:8: -1- m4_include([tests/GeoIP/dir.ac])
m4trace:tests/GeoIP/dir.ac:4: -1- AC_CONFIG_FILES([tests/GeoIP/Makefile])
m4trace:tests/GeoIP/dir.ac:4: -1- AC_CONFIG_FILES([tests/GeoIP/Common.pre.rules:OpenSBE/config/Dir.pre.rules.in])
m4trace:tests/GeoIP/dir.ac:5: -1- m4_pattern_allow([^testgeoip_deps$])
m4trace:tests/GeoIP/dir.ac:5: -1- m4_pattern_allow([^testgeoip_post$])
m4trace:tests/dir.ac:9: -1- m4_include([tests/HTTP/dir.ac])
m4trace:tests/HTTP/dir.ac:1: -1- AC_CONFIG_FILES([tests/HTTP/Makefile])
m4trace:tests/HTTP/dir.ac:1: -1- AC_CONFIG_FILES([tests/HTTP/Common.pre.rules:OpenSBE/config/Dir.pre.rules.in])
m4trace:tests/HTTP/dir.ac:2: -1- m4_include([tests/HTTP/AsyncPoolComplexTest/dir.ac])
m4trace:tests/HTTP/AsyncPoolComplexTest/dir.ac:1: -1- AC_CONFIG_FILES([tests/HTTP/AsyncPoolComplexTest/Makefile])
m4trace:tests/HTTP/AsyncPoolComplexTest/dir.ac:1: -1- AC_CONFIG_FILES([tests/HTTP/AsyncPoolComplexTest/Common.pre.rules:OpenSBE/config/Dir.pre.rules.in])
m4trace:tests/HTTP/AsyncPoolComplexTest/dir.ac:2: -1- m4_pattern_allow([^testhttppoolcomplex_deps$])
m4trace:tests/HTTP/AsyncPoolComplexTest/dir.ac:2: -1- m4_pattern_allow([^testhttppoolcomplex_post$])
m4trace:tests/HTTP/dir.ac:3: -1- m4_include([tests/HTTP/AsyncPoolSimpleTest/dir.ac])
m4trace:tests/HTTP/AsyncPoolSimpleTest/dir.ac:1: -1- AC_CONFIG_FILES([tests/HTTP/AsyncPoolSimpleTest/Makefile])
m4trace:tests/HTTP/AsyncPoolSimpleTest/dir.ac:1: -1- AC_CONFIG_FILES([tests/HTTP/AsyncPoolSimpleTest/Common.pre.rules:OpenSBE/config/Dir.pre.rules.in])
m4trace:tests/HTTP/AsyncPoolSimpleTest/dir.ac:2: -1- m4_pattern_allow([^testhttppoolsimple_deps$])
m4trace:tests/HTTP/AsyncPoolSimpleTest/dir.ac:2: -1- m4_pattern_allow([^testhttppoolsimple_post$])
m4trace:tests/HTTP/dir.ac:4: -1- m4_include([tests/HTTP/AsynchVsSynch/dir.ac])
m4trace:tests/HTTP/AsynchVsSynch/dir.ac:1: -1- AC_CONFIG_FILES([tests/HTTP/AsynchVsSynch/Makefile])
m4trace:tests/HTTP/AsynchVsSynch/dir.ac:1: -1- AC_CONFIG_FILES([tests/HTTP/AsynchVsSynch/Common.pre.rules:OpenSBE/config/Dir.pre.rules.in])
m4trace:tests/HTTP/AsynchVsSynch/dir.ac:2: -1- m4_pattern_allow([^testasynchvssynch_deps$])
m4trace:tests/HTTP/AsynchVsSynch/dir.ac:2: -1- m4_pattern_allow([^testasynchvssynch_post$])
m4trace:tests/HTTP/dir.ac:5: -1- m4_include([tests/HTTP/EmptyPoliciesInternalTest/dir.ac])
m4trace:tests/HTTP/EmptyPoliciesInternalTest/dir.ac:1: -1- AC_CONFIG_FILES([tests/HTTP/EmptyPoliciesInternalTest/Makefile])
m4trace:tests/HTTP/EmptyPoliciesInternalTest/dir.ac:1: -1- AC_CONFIG_FILES([tests/HTTP/EmptyPoliciesInternalTest/Common.pre.rules:OpenSBE/config/Dir.pre.rules.in])
m4trace:tests/HTTP/EmptyPoliciesInternalTest/dir.ac:2: -1- m4_pattern_allow([^testemptpoliciesint_deps$])
m4trace:tests/HTTP/EmptyPoliciesInternalTest/dir.ac:2: -1- m4_pattern_allow([^testemptpoliciesint_post$])
m4trace:tests/HTTP/dir.ac:6: -1- m4_include([tests/HTTP/Expiration/dir.ac])
m4trace:tests/HTTP/Expiration/dir.ac:1: -1- AC_CONFIG_FILES([tests/HTTP/Expiration/Makefile])
m4trace:tests/HTTP/Expiration/dir.ac:1: -1- AC_CONFIG_FILES([tests/HTTP/Expiration/Common.pre.rules:OpenSBE/config/Dir.pre.rules.in])
m4trace:tests/HTTP/Expiration/dir.ac:2: -1- m4_pattern_allow([^testhttpexpiration_deps$])
m4trace:tests/HTTP/Expiration/dir.ac:2: -1- m4_pattern_allow([^testhttpexpiration_post$])
m4trace:tests/HTTP/dir.ac:7: -1- m4_include([tests/HTTP/HTTPAddress/dir.ac])
m4trace:tests/HTTP/HTTPAddress/dir.ac:4: -1- AC_CONFIG_FILES([tests/HTTP/HTTPAddress/Makefile])
m4trace:tests/HTTP/HTTPAddress/dir.ac:4: -1- AC_CONFIG_FILES([tests/HTTP/HTTPAddress/Common.pre.rules:OpenSBE/config/Dir.pre.rules.in])
m4trace:tests/HTTP/HTTPAddress/dir.ac:5: -1- m4_pattern_allow([^testhttpaddress_deps$])
m4trace:tests/HTTP/HTTPAddress/dir.ac:5: -1- m4_pattern_allow([^testhttpaddress_post$])
m4trace:tests/HTTP/dir.ac:8: -1- m4_include([tests/HTTP/HTTPCookie/dir.ac])
m4trace:tests/HTTP/HTTPCookie/dir.ac:4: -1- AC_CONFIG_FILES([tests/HTTP/HTTPCookie/Makefile])
m4trace:tests/HTTP/HTTPCookie/dir.ac:4: -1- AC_CONFIG_FILES([tests/HTTP/HTTPCookie/Common.pre.rules:OpenSBE/config/Dir.pre.rules.in])
m4trace:tests/HTTP/HTTPCookie/dir.ac:5: -1- m4_pattern_allow([^testhttpcookie_deps$])
m4trace:tests/HTTP/HTTPCookie/dir.ac:5: -1- m4_pattern_allow([^testhttpcookie_post$])
m4trace:tests/HTTP/dir.ac:9: -1- m4_include([tests/HTTP/HttpTestCommons/dir.ac])
m4trace:tests/HTTP/HttpTestCommons/dir.ac:1: -1- AC_CONFIG_FILES([tests/HTTP/HttpTestCommons/Makefile])
m4trace:tests/HTTP/HttpTestCommons/dir.ac:1: -1- AC_CONFIG_FILES([tests/HTTP/HttpTestCommons/Common.pre.rules:OpenSBE/config/Dir.pre.rules.in])
m4trace:tests/HTTP/HttpTestCommons/dir.ac:2: -1- m4_pattern_allow([^httptestcommons_deps$])
m4trace:tests/HTTP/HttpTestCommons/dir.ac:2: -1- m4_pattern_allow([^httptestcommons_post$])
m4trace:tests/HTTP/dir.ac:10: -1- m4_include([tests/HTTP/IDNA/dir.ac])
m4trace:tests/HTTP/IDNA/dir.ac:1: -1- AC_CONFIG_FILES([tests/HTTP/IDNA/Makefile])
m4trace:tests/HTTP/IDNA/dir.ac:1: -1- AC_CONFIG_FILES([tests/HTTP/IDNA/Common.pre.rules:OpenSBE/config/Dir.pre.rules.in])
m4trace:tests/HTTP/IDNA/dir.ac:2: -1- m4_pattern_allow([^testidna_deps$])
m4trace:tests/HTTP/IDNA/dir.ac:2: -1- m4_pattern_allow([^testidna_post$])
m4trace:tests/dir.ac:10: -1- m4_include([tests/Language/dir.ac])
m4trace:tests/Language/dir.ac:4: -1- AC_CONFIG_FILES([tests/Language/Makefile])
m4trace:tests/Language/dir.ac:4: -1- AC_CONFIG_FILES([tests/Language/Common.pre.rules:OpenSBE/config/Dir.pre.rules.in])
m4trace:tests/Language/dir.ac:5: -1- m4_include([tests/Language/BLogic/dir.ac])
m4trace:tests/Language/BLogic/dir.ac:4: -1- AC_CONFIG_FILES([tests/Language/BLogic/Makefile])
m4trace:tests/Language/BLogic/dir.ac:4: -1- AC_CONFIG_FILES([tests/Language/BLogic/Common.pre.rules:OpenSBE/config/Dir.pre.rules.in])
m4trace:tests/Language/BLogic/dir.ac:5: -1- m4_include([tests/Language/BLogic/TriggerNorm/dir.ac])
m4trace:tests/Language/BLogic/TriggerNorm/dir.ac:1: -1- AC_CONFIG_FILES([tests/Language/BLogic/TriggerNorm/Makefile])
m4trace:tests/Language/BLogic/TriggerNorm/dir.ac:1: -1- AC_CONFIG_FILES([tests/Language/BLogic/TriggerNorm/Common.pre.rules:OpenSBE/config/Dir.pre.rules.in])
m4trace:tests/Language/BLogic/TriggerNorm/dir.ac:2: -1- m4_pattern_allow([^testtriggernorm_deps$])
m4trace:tests/Language/BLogic/TriggerNorm/dir.ac:2: -1- m4_pattern_allow([^testtriggernorm_post$])
m4trace:tests/Language/dir.ac:6: -1- m4_include([tests/Language/SegmentorManager/dir.ac])
m4trace:tests/Language/SegmentorManager/dir.ac:4: -1- AC_CONFIG_FILES([tests/Language/SegmentorManager/Makefile])
m4trace:tests/Language/SegmentorManager/dir.ac:4: -1- AC_CONFIG_FILES([tests/Language/SegmentorManager/Common.pre.rules:OpenSBE/config/Dir.pre.rules.in])
m4trace:tests/Language/SegmentorManager/dir.ac:5: -1- m4_include([tests/Language/SegmentorManager/SimpleManagerTest/dir.ac])
m4trace:tests/Language/SegmentorManager/SimpleManagerTest/dir.ac:1: -1- AC_CONFIG_FILES([tests/Language/SegmentorManager/SimpleManagerTest/Makefile])
m4trace:tests/Language/SegmentorManager/SimpleManagerTest/dir.ac:1: -1- AC_CONFIG_FILES([tests/Language/SegmentorManager/SimpleManagerTest/Common.pre.rules:OpenSBE/config/Dir.pre.rules.in])
m4trace:tests/Language/SegmentorManager/SimpleManagerTest/dir.ac:2: -1- m4_pattern_allow([^simplemanagertest_deps$])
m4trace:tests/Language/SegmentorManager/SimpleManagerTest/dir.ac:2: -1- m4_pattern_allow([^simplemanagertest_post$])
m4trace:tests/Language/dir.ac:7: -1- m4_include([tests/Language/SegmentorCommonTests/dir.ac])
m4trace:tests/Language/SegmentorCommonTests/dir.ac:4: -1- AC_CONFIG_FILES([tests/Language/SegmentorCommonTests/Makefile])
m4trace:tests/Language/SegmentorCommonTests/dir.ac:4: -1- AC_CONFIG_FILES([tests/Language/SegmentorCommonTests/Common.pre.rules:OpenSBE/config/Dir.pre.rules.in])
m4trace:tests/Language/SegmentorCommonTests/dir.ac:5: -1- m4_include([tests/Language/SegmentorCommonTests/Commons/dir.ac])
m4trace:tests/Language/SegmentorCommonTests/Commons/dir.ac:1: -1- AC_CONFIG_FILES([tests/Language/SegmentorCommonTests/Commons/Makefile])
m4trace:tests/Language/SegmentorCommonTests/Commons/dir.ac:1: -1- AC_CONFIG_FILES([tests/Language/SegmentorCommonTests/Commons/Common.pre.rules:OpenSBE/config/Dir.pre.rules.in])
m4trace:tests/Language/SegmentorCommonTests/Commons/dir.ac:2: -1- m4_pattern_allow([^segmentortestcommons_deps$])
m4trace:tests/Language/SegmentorCommonTests/Commons/dir.ac:2: -1- m4_pattern_allow([^segmentortestcommons_post$])
m4trace:tests/Language/SegmentorCommonTests/dir.ac:6: -1- m4_include([tests/Language/SegmentorCommonTests/PerformanceTest/dir.ac])
m4trace:tests/Language/SegmentorCommonTests/PerformanceTest/dir.ac:1: -1- AC_CONFIG_FILES([tests/Language/SegmentorCommonTests/PerformanceTest/Makefile])
m4trace:tests/Language/SegmentorCommonTests/PerformanceTest/dir.ac:1: -1- AC_CONFIG_FILES([tests/Language/SegmentorCommonTests/PerformanceTest/Common.pre.rules:OpenSBE/config/Dir.pre.rules.in])
m4trace:tests/Language/SegmentorCommonTests/PerformanceTest/dir.ac:2: -1- m4_pattern_allow([^performancetest_deps$])
m4trace:tests/Language/SegmentorCommonTests/PerformanceTest/dir.ac:2: -1- m4_pattern_allow([^performancetest_post$])
m4trace:tests/Language/SegmentorCommonTests/dir.ac:7: -1- m4_include([tests/Language/SegmentorCommonTests/AllSequencesTest/dir.ac])
m4trace:tests/Language/SegmentorCommonTests/AllSequencesTest/dir.ac:1: -1- AC_CONFIG_FILES([tests/Language/SegmentorCommonTests/AllSequencesTest/Makefile])
m4trace:tests/Language/SegmentorCommonTests/AllSequencesTest/dir.ac:1: -1- AC_CONFIG_FILES([tests/Language/SegmentorCommonTests/AllSequencesTest/Common.pre.rules:OpenSBE/config/Dir.pre.rules.in])
m4trace:tests/Language/SegmentorCommonTests/AllSequencesTest/dir.ac:2: -1- m4_pattern_allow([^allsequencestest_deps$])
m4trace:tests/Language/SegmentorCommonTests/AllSequencesTest/dir.ac:2: -1- m4_pattern_allow([^allsequencestest_post$])
m4trace:tests/dir.ac:11: -1- m4_include([tests/Logger/dir.ac])
m4trace:tests/Logger/dir.ac:4: -1- AC_CONFIG_FILES([tests/Logger/Makefile])
m4trace:tests/Logger/dir.ac:4: -1- AC_CONFIG_FILES([tests/Logger/Common.pre.rules:OpenSBE/config/Dir.pre.rules.in])
m4trace:tests/Logger/dir.ac:5: -1- m4_include([tests/Logger/FileLogger/dir.ac])
m4trace:tests/Logger/FileLogger/dir.ac:4: -1- AC_CONFIG_FILES([tests/Logger/FileLogger/Makefile])
m4trace:tests/Logger/FileLogger/dir.ac:4: -1- AC_CONFIG_FILES([tests/Logger/FileLogger/Common.pre.rules:OpenSBE/config/Dir.pre.rules.in])
m4trace:tests/Logger/FileLogger/dir.ac:5: -1- m4_pattern_allow([^testfilelogger_deps$])
m4trace:tests/Logger/FileLogger/dir.ac:5: -1- m4_pattern_allow([^testfilelogger_post$])
m4trace:tests/Logger/dir.ac:6: -1- m4_include([tests/Logger/MTTesterLog/dir.ac])
m4trace:tests/Logger/MTTesterLog/dir.ac:1: -1- AC_CONFIG_FILES([tests/Logger/MTTesterLog/Makefile])
m4trace:tests/Logger/MTTesterLog/dir.ac:1: -1- AC_CONFIG_FILES([tests/Logger/MTTesterLog/Common.pre.rules:OpenSBE/config/Dir.pre.rules.in])
m4trace:tests/Logger/MTTesterLog/dir.ac:2: -1- m4_pattern_allow([^mttesterloggertest_deps$])
m4trace:tests/Logger/MTTesterLog/dir.ac:2: -1- m4_pattern_allow([^mttesterloggertest_post$])
m4trace:tests/Logger/dir.ac:7: -1- m4_include([tests/Logger/ProcessLogger/dir.ac])
m4trace:tests/Logger/ProcessLogger/dir.ac:4: -1- AC_CONFIG_FILES([tests/Logger/ProcessLogger/Makefile])
m4trace:tests/Logger/ProcessLogger/dir.ac:4: -1- AC_CONFIG_FILES([tests/Logger/ProcessLogger/Common.pre.rules:OpenSBE/config/Dir.pre.rules.in])
m4trace:tests/Logger/ProcessLogger/dir.ac:5: -1- m4_pattern_allow([^testprocesslogger_deps$])
m4trace:tests/Logger/ProcessLogger/dir.ac:5: -1- m4_pattern_allow([^testprocesslogger_post$])
m4trace:tests/Logger/dir.ac:8: -1- m4_include([tests/Logger/SStream/dir.ac])
m4trace:tests/Logger/SStream/dir.ac:1: -1- AC_CONFIG_FILES([tests/Logger/SStream/Makefile])
m4trace:tests/Logger/SStream/dir.ac:1: -1- AC_CONFIG_FILES([tests/Logger/SStream/Common.pre.rules:OpenSBE/config/Dir.pre.rules.in])
m4trace:tests/Logger/SStream/dir.ac:2: -1- m4_pattern_allow([^testsstream_deps$])
m4trace:tests/Logger/SStream/dir.ac:2: -1- m4_pattern_allow([^testsstream_post$])
m4trace:tests/Logger/dir.ac:9: -1- m4_include([tests/Logger/SysLogger/dir.ac])
m4trace:tests/Logger/SysLogger/dir.ac:1: -1- AC_CONFIG_FILES([tests/Logger/SysLogger/Makefile])
m4trace:tests/Logger/SysLogger/dir.ac:1: -1- AC_CONFIG_FILES([tests/Logger/SysLogger/Common.pre.rules:OpenSBE/config/Dir.pre.rules.in])
m4trace:tests/Logger/SysLogger/dir.ac:2: -1- m4_pattern_allow([^testsyslogger_deps$])
m4trace:tests/Logger/SysLogger/dir.ac:2: -1- m4_pattern_allow([^testsyslogger_post$])
m4trace:tests/dir.ac:13: -1- m4_include([tests/PlainStorage/dir.ac])
m4trace:tests/PlainStorage/dir.ac:5: -1- AC_CONFIG_FILES([tests/PlainStorage/Makefile])
m4trace:tests/PlainStorage/dir.ac:5: -1- AC_CONFIG_FILES([tests/PlainStorage/Common.pre.rules:OpenSBE/config/Dir.pre.rules.in])
m4trace:tests/PlainStorage/dir.ac:6: -1- m4_include([tests/PlainStorage/BlockFileAdapter/dir.ac])
m4trace:tests/PlainStorage/BlockFileAdapter/dir.ac:5: -1- AC_CONFIG_FILES([tests/PlainStorage/BlockFileAdapter/Makefile])
m4trace:tests/PlainStorage/BlockFileAdapter/dir.ac:5: -1- AC_CONFIG_FILES([tests/PlainStorage/BlockFileAdapter/Common.pre.rules:OpenSBE/config/Dir.pre.rules.in])
m4trace:tests/PlainStorage/BlockFileAdapter/dir.ac:6: -1- m4_pattern_allow([^testblockfileadapter_deps$])
m4trace:tests/PlainStorage/BlockFileAdapter/dir.ac:6: -1- m4_pattern_allow([^testblockfileadapter_post$])
m4trace:tests/PlainStorage/dir.ac:7: -1- m4_include([tests/PlainStorage/Map/dir.ac])
m4trace:tests/PlainStorage/Map/dir.ac:5: -1- AC_CONFIG_FILES([tests/PlainStorage/Map/Makefile])
m4trace:tests/PlainStorage/Map/dir.ac:5: -1- AC_CONFIG_FILES([tests/PlainStorage/Map/Common.pre.rules:OpenSBE/config/Dir.pre.rules.in])
m4trace:tests/PlainStorage/Map/dir.ac:6: -1- m4_pattern_allow([^testplainmap_deps$])
m4trace:tests/PlainStorage/Map/dir.ac:6: -1- m4_pattern_allow([^testplainmap_post$])
m4trace:tests/dir.ac:14: -1- m4_include([tests/PrivacyFilter/dir.ac])
m4trace:tests/PrivacyFilter/dir.ac:1: -1- AC_CONFIG_FILES([tests/PrivacyFilter/Makefile])
m4trace:tests/PrivacyFilter/dir.ac:1: -1- AC_CONFIG_FILES([tests/PrivacyFilter/Common.pre.rules:OpenSBE/config/Dir.pre.rules.in])
m4trace:tests/PrivacyFilter/dir.ac:2: -1- m4_include([tests/PrivacyFilter/Filter/dir.ac])
m4trace:tests/PrivacyFilter/Filter/dir.ac:1: -1- AC_CONFIG_FILES([tests/PrivacyFilter/Filter/Makefile])
m4trace:tests/PrivacyFilter/Filter/dir.ac:1: -1- AC_CONFIG_FILES([tests/PrivacyFilter/Filter/Common.pre.rules:OpenSBE/config/Dir.pre.rules.in])
m4trace:tests/PrivacyFilter/Filter/dir.ac:2: -1- m4_pattern_allow([^testfilter_deps$])
m4trace:tests/PrivacyFilter/Filter/dir.ac:2: -1- m4_pattern_allow([^testfilter_post$])
m4trace:tests/dir.ac:15: -1- m4_include([tests/SNMP/dir.ac])
m4trace:tests/SNMP/dir.ac:1: -1- AC_CONFIG_FILES([tests/SNMP/Makefile])
m4trace:tests/SNMP/dir.ac:1: -1- AC_CONFIG_FILES([tests/SNMP/Common.pre.rules:OpenSBE/config/Dir.pre.rules.in])
m4trace:tests/SNMP/dir.ac:2: -1- m4_include([tests/SNMP/SNMPSimple/dir.ac])
m4trace:tests/SNMP/SNMPSimple/dir.ac:1: -1- AC_CONFIG_FILES([tests/SNMP/SNMPSimple/Makefile])
m4trace:tests/SNMP/SNMPSimple/dir.ac:1: -1- AC_CONFIG_FILES([tests/SNMP/SNMPSimple/Common.pre.rules:OpenSBE/config/Dir.pre.rules.in])
m4trace:tests/SNMP/SNMPSimple/dir.ac:2: -1- m4_pattern_allow([^snmpsimple_deps$])
m4trace:tests/SNMP/SNMPSimple/dir.ac:2: -1- m4_pattern_allow([^snmpsimple_post$])
m4trace:tests/dir.ac:16: -1- m4_include([tests/Stream/dir.ac])
m4trace:tests/Stream/dir.ac:1: -1- AC_CONFIG_FILES([tests/Stream/Makefile])
m4trace:tests/Stream/dir.ac:1: -1- AC_CONFIG_FILES([tests/Stream/Common.pre.rules:OpenSBE/config/Dir.pre.rules.in])
m4trace:tests/Stream/dir.ac:2: -1- m4_include([tests/Stream/Comp/dir.ac])
m4trace:tests/Stream/Comp/dir.ac:1: -1- AC_CONFIG_FILES([tests/Stream/Comp/Makefile])
m4trace:tests/Stream/Comp/dir.ac:1: -1- AC_CONFIG_FILES([tests/Stream/Comp/Common.pre.rules:OpenSBE/config/Dir.pre.rules.in])
m4trace:tests/Stream/Comp/dir.ac:2: -1- m4_pattern_allow([^testcomp_deps$])
m4trace:tests/Stream/Comp/dir.ac:2: -1- m4_pattern_allow([^testcomp_post$])
m4trace:tests/Stream/dir.ac:3: -1- m4_include([tests/Stream/MemoryStream/dir.ac])
m4trace:tests/Stream/MemoryStream/dir.ac:1: -1- AC_CONFIG_FILES([tests/Stream/MemoryStream/Makefile])
m4trace:tests/Stream/MemoryStream/dir.ac:1: -1- AC_CONFIG_FILES([tests/Stream/MemoryStream/Common.pre.rules:OpenSBE/config/Dir.pre.rules.in])
m4trace:tests/Stream/MemoryStream/dir.ac:2: -1- m4_pattern_allow([^testmemorystream_deps$])
m4trace:tests/Stream/MemoryStream/dir.ac:2: -1- m4_pattern_allow([^testmemorystream_post$])
m4trace:tests/Stream/dir.ac:4: -1- m4_include([tests/Stream/MMapStream/dir.ac])
m4trace:tests/Stream/MMapStream/dir.ac:1: -1- AC_CONFIG_FILES([tests/Stream/MMapStream/Makefile])
m4trace:tests/Stream/MMapStream/dir.ac:1: -1- AC_CONFIG_FILES([tests/Stream/MMapStream/Common.pre.rules:OpenSBE/config/Dir.pre.rules.in])
m4trace:tests/Stream/MMapStream/dir.ac:2: -1- m4_pattern_allow([^testmmapstream_deps$])
m4trace:tests/Stream/MMapStream/dir.ac:2: -1- m4_pattern_allow([^testmmapstream_post$])
m4trace:tests/dir.ac:17: -1- m4_include([tests/String/dir.ac])
m4trace:tests/String/dir.ac:4: -1- AC_CONFIG_FILES([tests/String/Makefile])
m4trace:tests/String/dir.ac:4: -1- AC_CONFIG_FILES([tests/String/Common.pre.rules:OpenSBE/config/Dir.pre.rules.in])
m4trace:tests/String/dir.ac:5: -1- m4_include([tests/String/Analyzer/dir.ac])
m4trace:tests/String/Analyzer/dir.ac:1: -1- AC_CONFIG_FILES([tests/String/Analyzer/Makefile])
m4trace:tests/String/Analyzer/dir.ac:1: -1- AC_CONFIG_FILES([tests/String/Analyzer/Common.pre.rules:OpenSBE/config/Dir.pre.rules.in])
m4trace:tests/String/Analyzer/dir.ac:2: -1- m4_pattern_allow([^testanalyzer_deps$])
m4trace:tests/String/Analyzer/dir.ac:2: -1- m4_pattern_allow([^testanalyzer_post$])
m4trace:tests/String/dir.ac:6: -1- m4_include([tests/String/AsciiStringManip/dir.ac])
m4trace:tests/String/AsciiStringManip/dir.ac:1: -1- AC_CONFIG_FILES([tests/String/AsciiStringManip/Makefile])
m4trace:tests/String/AsciiStringManip/dir.ac:1: -1- AC_CONFIG_FILES([tests/String/AsciiStringManip/Common.pre.rules:OpenSBE/config/Dir.pre.rules.in])
m4trace:tests/String/AsciiStringManip/dir.ac:2: -1- m4_pattern_allow([^testasciistringmanip_deps$])
m4trace:tests/String/AsciiStringManip/dir.ac:2: -1- m4_pattern_allow([^testasciistringmanip_post$])
m4trace:tests/String/dir.ac:7: -1- m4_include([tests/String/RegEx/dir.ac])
m4trace:tests/String/RegEx/dir.ac:1: -1- AC_CONFIG_FILES([tests/String/RegEx/Makefile])
m4trace:tests/String/RegEx/dir.ac:1: -1- AC_CONFIG_FILES([tests/String/RegEx/Common.pre.rules:OpenSBE/config/Dir.pre.rules.in])
m4trace:tests/String/RegEx/dir.ac:2: -1- m4_pattern_allow([^testregex_deps$])
m4trace:tests/String/RegEx/dir.ac:2: -1- m4_pattern_allow([^testregex_post$])
m4trace:tests/String/dir.ac:8: -1- m4_include([tests/String/StringManip/dir.ac])
m4trace:tests/String/StringManip/dir.ac:1: -1- AC_CONFIG_FILES([tests/String/StringManip/Makefile])
m4trace:tests/String/StringManip/dir.ac:1: -1- AC_CONFIG_FILES([tests/String/StringManip/Common.pre.rules:OpenSBE/config/Dir.pre.rules.in])
m4trace:tests/String/StringManip/dir.ac:2: -1- m4_pattern_allow([^teststringmanip_deps$])
m4trace:tests/String/StringManip/dir.ac:2: -1- m4_pattern_allow([^teststringmanip_post$])
m4trace:tests/String/dir.ac:9: -1- m4_include([tests/String/SubString/dir.ac])
m4trace:tests/String/SubString/dir.ac:1: -1- AC_CONFIG_FILES([tests/String/SubString/Makefile])
m4trace:tests/String/SubString/dir.ac:1: -1- AC_CONFIG_FILES([tests/String/SubString/Common.pre.rules:OpenSBE/config/Dir.pre.rules.in])
m4trace:tests/String/SubString/dir.ac:2: -1- m4_pattern_allow([^testsubstring_deps$])
m4trace:tests/String/SubString/dir.ac:2: -1- m4_pattern_allow([^testsubstring_post$])
m4trace:tests/String/dir.ac:10: -1- m4_include([tests/String/TextTemplate/dir.ac])
m4trace:tests/String/TextTemplate/dir.ac:4: -1- AC_CONFIG_FILES([tests/String/TextTemplate/Makefile])
m4trace:tests/String/TextTemplate/dir.ac:4: -1- AC_CONFIG_FILES([tests/String/TextTemplate/Common.pre.rules:OpenSBE/config/Dir.pre.rules.in])
m4trace:tests/String/TextTemplate/dir.ac:5: -1- m4_pattern_allow([^testtexttemplate_deps$])
m4trace:tests/String/TextTemplate/dir.ac:5: -1- m4_pattern_allow([^testtexttemplate_post$])
m4trace:tests/String/dir.ac:11: -1- m4_include([tests/String/UnicodeNormalizer/dir.ac])
m4trace:tests/String/UnicodeNormalizer/dir.ac:1: -1- AC_CONFIG_FILES([tests/String/UnicodeNormalizer/Makefile])
m4trace:tests/String/UnicodeNormalizer/dir.ac:1: -1- AC_CONFIG_FILES([tests/String/UnicodeNormalizer/Common.pre.rules:OpenSBE/config/Dir.pre.rules.in])
m4trace:tests/String/UnicodeNormalizer/dir.ac:2: -1- m4_pattern_allow([^testnormalizer_deps$])
m4trace:tests/String/UnicodeNormalizer/dir.ac:2: -1- m4_pattern_allow([^testnormalizer_post$])
m4trace:tests/String/dir.ac:12: -1- m4_include([tests/String/Utf8/dir.ac])
m4trace:tests/String/Utf8/dir.ac:4: -1- AC_CONFIG_FILES([tests/String/Utf8/Makefile])
m4trace:tests/String/Utf8/dir.ac:4: -1- AC_CONFIG_FILES([tests/String/Utf8/Common.pre.rules:OpenSBE/config/Dir.pre.rules.in])
m4trace:tests/String/Utf8/dir.ac:5: -1- m4_include([tests/String/Utf8/IsProperty/dir.ac])
m4trace:tests/String/Utf8/IsProperty/dir.ac:4: -1- AC_CONFIG_FILES([tests/String/Utf8/IsProperty/Makefile])
m4trace:tests/String/Utf8/IsProperty/dir.ac:4: -1- AC_CONFIG_FILES([tests/String/Utf8/IsProperty/Common.pre.rules:OpenSBE/config/Dir.pre.rules.in])
m4trace:tests/String/Utf8/IsProperty/dir.ac:5: -1- m4_pattern_allow([^testisproperty_deps$])
m4trace:tests/String/Utf8/IsProperty/dir.ac:5: -1- m4_pattern_allow([^testisproperty_post$])
m4trace:tests/String/Utf8/dir.ac:6: -1- m4_include([tests/String/Utf8/Performance/dir.ac])
m4trace:tests/String/Utf8/Performance/dir.ac:4: -1- AC_CONFIG_FILES([tests/String/Utf8/Performance/Makefile])
m4trace:tests/String/Utf8/Performance/dir.ac:4: -1- AC_CONFIG_FILES([tests/String/Utf8/Performance/Common.pre.rules:OpenSBE/config/Dir.pre.rules.in])
m4trace:tests/String/Utf8/Performance/dir.ac:5: -1- m4_pattern_allow([^testutf8performance_deps$])
m4trace:tests/String/Utf8/Performance/dir.ac:5: -1- m4_pattern_allow([^testutf8performance_post$])
m4trace:tests/String/Utf8/dir.ac:7: -1- m4_include([tests/String/Utf8/StressTest/dir.ac])
m4trace:tests/String/Utf8/StressTest/dir.ac:4: -1- AC_CONFIG_FILES([tests/String/Utf8/StressTest/Makefile])
m4trace:tests/String/Utf8/StressTest/dir.ac:4: -1- AC_CONFIG_FILES([tests/String/Utf8/StressTest/Common.pre.rules:OpenSBE/config/Dir.pre.rules.in])
m4trace:tests/String/Utf8/StressTest/dir.ac:5: -1- m4_pattern_allow([^testutf8stress_deps$])
m4trace:tests/String/Utf8/StressTest/dir.ac:5: -1- m4_pattern_allow([^testutf8stress_post$])
m4trace:tests/String/Utf8/dir.ac:8: -1- m4_include([tests/String/Utf8/UnicodeSymbol/dir.ac])
m4trace:tests/String/Utf8/UnicodeSymbol/dir.ac:4: -1- AC_CONFIG_FILES([tests/String/Utf8/UnicodeSymbol/Makefile])
m4trace:tests/String/Utf8/UnicodeSymbol/dir.ac:4: -1- AC_CONFIG_FILES([tests/String/Utf8/UnicodeSymbol/Common.pre.rules:OpenSBE/config/Dir.pre.rules.in])
m4trace:tests/String/Utf8/UnicodeSymbol/dir.ac:5: -1- m4_pattern_allow([^testunicodesymbol_deps$])
m4trace:tests/String/Utf8/UnicodeSymbol/dir.ac:5: -1- m4_pattern_allow([^testunicodesymbol_post$])
m4trace:tests/String/Utf8/dir.ac:9: -1- m4_include([tests/String/Utf8/UTF8Category/dir.ac])
m4trace:tests/String/Utf8/UTF8Category/dir.ac:1: -1- AC_CONFIG_FILES([tests/String/Utf8/UTF8Category/Makefile])
m4trace:tests/String/Utf8/UTF8Category/dir.ac:1: -1- AC_CONFIG_FILES([tests/String/Utf8/UTF8Category/Common.pre.rules:OpenSBE/config/Dir.pre.rules.in])
m4trace:tests/String/Utf8/UTF8Category/dir.ac:2: -1- m4_pattern_allow([^testutf8category_deps$])
m4trace:tests/String/Utf8/UTF8Category/dir.ac:2: -1- m4_pattern_allow([^testutf8category_post$])
m4trace:tests/dir.ac:18: -1- m4_include([tests/Sync/dir.ac])
m4trace:tests/Sync/dir.ac:3: -1- AC_CONFIG_FILES([tests/Sync/Makefile])
m4trace:tests/Sync/dir.ac:3: -1- AC_CONFIG_FILES([tests/Sync/Common.pre.rules:OpenSBE/config/Dir.pre.rules.in])
m4trace:tests/Sync/dir.ac:4: -1- m4_include([tests/Sync/Condition/dir.ac])
m4trace:tests/Sync/Condition/dir.ac:4: -1- AC_CONFIG_FILES([tests/Sync/Condition/Makefile])
m4trace:tests/Sync/Condition/dir.ac:4: -1- AC_CONFIG_FILES([tests/Sync/Condition/Common.pre.rules:OpenSBE/config/Dir.pre.rules.in])
m4trace:tests/Sync/Condition/dir.ac:5: -1- m4_pattern_allow([^testconditionvariable_deps$])
m4trace:tests/Sync/Condition/dir.ac:5: -1- m4_pattern_allow([^testconditionvariable_post$])
m4trace:tests/Sync/dir.ac:5: -1- m4_include([tests/Sync/MutexTest/dir.ac])
m4trace:tests/Sync/MutexTest/dir.ac:1: -1- AC_CONFIG_FILES([tests/Sync/MutexTest/Makefile])
m4trace:tests/Sync/MutexTest/dir.ac:1: -1- AC_CONFIG_FILES([tests/Sync/MutexTest/Common.pre.rules:OpenSBE/config/Dir.pre.rules.in])
m4trace:tests/Sync/MutexTest/dir.ac:2: -1- m4_pattern_allow([^mutextest_deps$])
m4trace:tests/Sync/MutexTest/dir.ac:2: -1- m4_pattern_allow([^mutextest_post$])
m4trace:tests/Sync/dir.ac:6: -1- m4_include([tests/Sync/PosixMutex/dir.ac])
m4trace:tests/Sync/PosixMutex/dir.ac:1: -1- AC_CONFIG_FILES([tests/Sync/PosixMutex/Makefile])
m4trace:tests/Sync/PosixMutex/dir.ac:1: -1- AC_CONFIG_FILES([tests/Sync/PosixMutex/Common.pre.rules:OpenSBE/config/Dir.pre.rules.in])
m4trace:tests/Sync/PosixMutex/dir.ac:2: -1- m4_pattern_allow([^testposixmutex_deps$])
m4trace:tests/Sync/PosixMutex/dir.ac:2: -1- m4_pattern_allow([^testposixmutex_post$])
m4trace:tests/dir.ac:19: -1- m4_include([tests/TestCommons/dir.ac])
m4trace:tests/TestCommons/dir.ac:1: -1- AC_CONFIG_FILES([tests/TestCommons/Makefile])
m4trace:tests/TestCommons/dir.ac:1: -1- AC_CONFIG_FILES([tests/TestCommons/Common.pre.rules:OpenSBE/config/Dir.pre.rules.in])
m4trace:tests/TestCommons/dir.ac:2: -1- m4_pattern_allow([^testcommons_deps$])
m4trace:tests/TestCommons/dir.ac:2: -1- m4_pattern_allow([^testcommons_post$])
m4trace:configure.ac:64: -2- AC_SUBST([LIBRARY_PATHS])
m4trace:configure.ac:64: -2- AC_SUBST_TRACE([LIBRARY_PATHS])
m4trace:configure.ac:64: -2- m4_pattern_allow([^LIBRARY_PATHS$])
m4trace:configure.ac:64: -1- AC_SUBST([LIB@&t@OBJS], [$ac_libobjs])
m4trace:configure.ac:64: -1- AC_SUBST_TRACE([LIB@&t@OBJS])
m4trace:configure.ac:64: -1- m4_pattern_allow([^LIB@&t@OBJS$])
m4trace:configure.ac:64: -1- AC_SUBST([LTLIBOBJS], [$ac_ltlibobjs])
m4trace:configure.ac:64: -1- AC_SUBST_TRACE([LTLIBOBJS])
m4trace:configure.ac:64: -1- m4_pattern_allow([^LTLIBOBJS$])
m4trace:configure.ac:64: -1- AC_SUBST_TRACE([top_builddir])
m4trace:configure.ac:64: -1- AC_SUBST_TRACE([top_build_prefix])
m4trace:configure.ac:64: -1- AC_SUBST_TRACE([srcdir])
m4trace:configure.ac:64: -1- AC_SUBST_TRACE([abs_srcdir])
m4trace:configure.ac:64: -1- AC_SUBST_TRACE([top_srcdir])
m4trace:configure.ac:64: -1- AC_SUBST_TRACE([abs_top_srcdir])
m4trace:configure.ac:64: -1- AC_SUBST_TRACE([builddir])
m4trace:configure.ac:64: -1- AC_SUBST_TRACE([abs_builddir])
m4trace:configure.ac:64: -1- AC_SUBST_TRACE([abs_top_builddir])
